<?xml version="1.0" encoding="UTF-8"?>
<testsuite xmlns:xsi="http://www.w3.org/2001/XMLSchema-instance" xsi:noNamespaceSchemaLocation="https://maven.apache.org/surefire/maven-surefire-plugin/xsd/surefire-test-report-3.0.xsd" version="3.0" name="com.appknox.tests.information.InformationTests" time="6.512" tests="4" errors="0" skipped="0" failures="0">
  <properties>
[...]
</properties>
  <testcase name="testFilesListWithoutProjectId" classname="com.appknox.tests.information.InformationTests" time="0.124">
    <system-out><![CDATA[INFO-005 Output:
Error: project id is required
Usage:
  appknox files [flags]

Flags:
  -h, --help                  help for files
      --limit int             Limit results per page
      --offset int            Filter results with page
  -v, --version_code string   Filter files with version code.

Global Flags:
  -a, --access-token string   Appknox Access Token
      --host string           Appknox Server
  -k, --insecure              Disable Security Checks
      --pac string            pac file path or url
      --proxy string          proxy url
      --region string         Region names, e.g., global, saudi, uae. By default, global is used
]]></system-out>
  </testcase>
  <testcase name="testFilesListForInvalidProject" classname="com.appknox.tests.information.InformationTests" time="0.576">
    <system-out><![CDATA[INFO-004 Output:
GET https://ratelimiting.staging.do.appknox.io/api/projects/999999999/files: 404 No Project matches the given query.
]]></system-out>
  </testcase>
  <testcase name="testOrganizationsList" classname="com.appknox.tests.information.InformationTests" time="0.508">
    <system-out><![CDATA[INFO-001 Output:
ID:              1
Username:        Appknox
ProjectsCount:   13
]]></system-out>
  </testcase>
  <testcase name="testFilesListForDynamicProject" classname="com.appknox.tests.information.InformationTests" time="5.291">
    <system-out><![CDATA[Using Project ID: 1
Files output:
ID  NAME  VERSION  VERSION-CODE  DYNAMIC-STATUS  API-SCAN-PROGRESS  IS-STATIC-DONE  IS-DYNAMIC-DONE  STATIC-SCAN-PROGRESS  API-SCAN-STATUS  RATING  IS-MANUAL-DONE  IS-API-DONE  CREATED-ON
--  ----  -------  ------------  --------------  -----------------  --------------  ---------------  --------------------  ---------------  ------  --------------  -----------  ----------
56  MFVA  1.1.1    8             None            0                  true            false            100                   Unknown          24.21   false           false        2025-11-14 11:56:16.876369 +0000 UTC
55  MFVA  1.1.1    8             None            0                  true            false            100                   Unknown          24.21   false           false        2025-11-14 11:56:05.126748 +0000 UTC
54  MFVA  1.1.1    8             None            0                  true            false            100                   Unknown          24.21   false           false        2025-11-13 12:25:14.882243 +0000 UTC
53  MFVA  1.1.1    8             None            0                  true            false            100                   Unknown          24.21   false           false        2025-11-13 12:25:02.009262 +0000 UTC
52  MFVA  1.1.1    8             None            0                  true            false            100                   Unknown          24.21   false           false        2025-11-13 12:24:47.717367 +0000 UTC
51  MFVA  1.1.1    8             None            0                  true            false            100                   Unknown          24.21   false           false        2025-11-13 12:11:34.758434 +0000 UTC
50  MFVA  1.1.1    8             None            0                  true            false            100                   Unknown          24.21   false           false        2025-11-13 12:11:28.747454 +0000 UTC
49  MFVA  1.1.1    8             None            0                  true            false            100                   Unknown          24.21   false           false        2025-11-13 12:11:17.156888 +0000 UTC
48  MFVA  1.1.1    8             None            0                  true            false            100                   Unknown          24.21   false           false        2025-11-13 12:03:47.061542 +0000 UTC
47  MFVA  1.1.1    8             None            0                  true            false            100                   Unknown          24.21   false           false        2025-11-13 11:54:17.142797 +0000 UTC
]]></system-out>
  </testcase>
</testsuite>