<?xml version="1.0" encoding="UTF-8"?>
<testsuite xmlns:xsi="http://www.w3.org/2001/XMLSchema-instance" xsi:noNamespaceSchemaLocation="https://maven.apache.org/surefire/maven-surefire-plugin/xsd/surefire-test-report-3.0.xsd" version="3.0" name="com.appknox.tests.upload.UploadTests" time="107.505" tests="5" errors="0" skipped="0" failures="0">
  <properties>
[...]
</properties>
  <testcase name="testValidApkUpload" classname="com.appknox.tests.upload.UploadTests" time="72.38">
    <system-out><![CDATA[UPLOAD-001 Output:
0.0 b / 2.1 MiB [-------------------------| 00:00 ] 0.00 b/s
&amp#27;[1A&amp#27;[J0.0 b / 2.1 MiB [-------------------------| 00:00 ] 0.00 b/s
&amp#27;[1A&amp#27;[J0.0 b / 2.1 MiB [-------------------------| 00:00 ] 0.00 b/s
&amp#27;[1A&amp#27;[J0.0 b / 2.1 MiB [-------------------------| 00:00 ] 0.00 b/s
&amp#27;[1A&amp#27;[J0.0 b / 2.1 MiB [-------------------------| 00:00 ] 0.00 b/s
&amp#27;[1A&amp#27;[J0.0 b / 2.1 MiB [-------------------------| 00:00 ] 0.00 b/s
&amp#27;[1A&amp#27;[J0.0 b / 2.1 MiB [-------------------------| 00:00 ] 0.00 b/s
&amp#27;[1A&amp#27;[J0.0 b / 2.1 MiB [-------------------------| 00:00 ] 0.00 b/s
&amp#27;[1A&amp#27;[J0.0 b / 2.1 MiB [-------------------------| 00:00 ] 0.00 b/s
&amp#27;[1A&amp#27;[J0.0 b / 2.1 MiB [-------------------------| 00:00 ] 0.00 b/s
&amp#27;[1A&amp#27;[J0.0 b / 2.1 MiB [-------------------------| 00:00 ] 0.00 b/s
&amp#27;[1A&amp#27;[J0.0 b / 2.1 MiB [-------------------------| 00:00 ] 0.00 b/s
&amp#27;[1A&amp#27;[J0.0 b / 2.1 MiB [-------------------------| 00:00 ] 0.00 b/s
&amp#27;[1A&amp#27;[J96.0 KiB / 2.1 MiB [>------------------| 00:00 ] 37.88 KiB/s
&amp#27;[1A&amp#27;[J96.0 KiB / 2.1 MiB [>------------------| 00:00 ] 35.47 KiB/s
&amp#27;[1A&amp#27;[J128.0 KiB / 2.1 MiB [>-----------------| 00:00 ] 44.28 KiB/s
&amp#27;[1A&amp#27;[J128.0 KiB / 2.1 MiB [>-----------------| 00:00 ] 41.81 KiB/s
&amp#27;[1A&amp#27;[J160.0 KiB / 2.1 MiB [>-----------------| 00:00 ] 49.25 KiB/s
&amp#27;[1A&amp#27;[J192.0 KiB / 2.1 MiB [=>----------------| 00:00 ] 56.14 KiB/s
&amp#27;[1A&amp#27;[J192.0 KiB / 2.1 MiB [=>----------------| 00:00 ] 53.25 KiB/s
&amp#27;[1A&amp#27;[J224.0 KiB / 2.1 MiB [=>----------------| 00:00 ] 59.23 KiB/s
&amp#27;[1A&amp#27;[J256.0 KiB / 2.1 MiB [=>----------------| 00:00 ] 64.51 KiB/s
&amp#27;[1A&amp#27;[J288.0 KiB / 2.1 MiB [=>----------------| 00:00 ] 69.44 KiB/s
&amp#27;[1A&amp#27;[J416.0 KiB / 2.1 MiB [===>--------------| 00:22 ] 96.15 KiB/s
&amp#27;[1A&amp#27;[J448.0 KiB / 2.1 MiB [===>--------------| 00:21 ] 99.42 KiB/s
&amp#27;[1A&amp#27;[J480.0 KiB / 2.1 MiB [===>-------------| 00:21 ] 102.56 KiB/s
&amp#27;[1A&amp#27;[J512.0 KiB / 2.1 MiB [===>-------------| 00:21 ] 105.33 KiB/s
&amp#27;[1A&amp#27;[J512.0 KiB / 2.1 MiB [===>-------------| 00:21 ] 101.50 KiB/s
&amp#27;[1A&amp#27;[J800.0 KiB / 2.1 MiB [=====>-----------| 00:16 ] 153.15 KiB/s
&amp#27;[1A&amp#27;[J832.0 KiB / 2.1 MiB [======>----------| 00:16 ] 153.88 KiB/s
&amp#27;[1A&amp#27;[J864.0 KiB / 2.1 MiB [======>----------| 00:16 ] 154.76 KiB/s
&amp#27;[1A&amp#27;[J896.0 KiB / 2.1 MiB [======>----------| 00:15 ] 155.42 KiB/s
&amp#27;[1A&amp#27;[J896.0 KiB / 2.1 MiB [======>----------| 00:15 ] 150.74 KiB/s
&amp#27;[1A&amp#27;[J928.0 KiB / 2.1 MiB [======>----------| 00:15 ] 151.26 KiB/s
&amp#27;[1A&amp#27;[J960.0 KiB / 2.1 MiB [=======>---------| 00:14 ] 152.19 KiB/s
&amp#27;[1A&amp#27;[J992.0 KiB / 2.1 MiB [=======>---------| 00:14 ] 152.79 KiB/s
&amp#27;[1A&amp#27;[J992.0 KiB / 2.1 MiB [=======>---------| 00:14 ] 148.95 KiB/s
&amp#27;[1A&amp#27;[J1.0 MiB / 2.1 MiB [========>----------| 00:13 ] 149.67 KiB/s
&amp#27;[1A&amp#27;[J1.0 MiB / 2.1 MiB [========>----------| 00:13 ] 150.22 KiB/s
&amp#27;[1A&amp#27;[J1.1 MiB / 2.1 MiB [=========>---------| 00:13 ] 150.98 KiB/s
&amp#27;[1A&amp#27;[J1.1 MiB / 2.1 MiB [=========>---------| 00:12 ] 151.60 KiB/s
&amp#27;[1A&amp#27;[J1.1 MiB / 2.1 MiB [=========>---------| 00:12 ] 152.30 KiB/s
&amp#27;[1A&amp#27;[J1.1 MiB / 2.1 MiB [=========>---------| 00:12 ] 148.62 KiB/s
&amp#27;[1A&amp#27;[J1.2 MiB / 2.1 MiB [==========>--------| 00:11 ] 149.36 KiB/s
&amp#27;[1A&amp#27;[J1.2 MiB / 2.1 MiB [==========>--------| 00:11 ] 150.05 KiB/s
&amp#27;[1A&amp#27;[J1.2 MiB / 2.1 MiB [==========>--------| 00:11 ] 146.83 KiB/s
&amp#27;[1A&amp#27;[J1.2 MiB / 2.1 MiB [==========>--------| 00:11 ] 143.49 KiB/s
&amp#27;[1A&amp#27;[J1.2 MiB / 2.1 MiB [==========>--------| 00:11 ] 140.54 KiB/s
&amp#27;[1A&amp#27;[J1.2 MiB / 2.1 MiB [==========>--------| 00:11 ] 137.71 KiB/s
&amp#27;[1A&amp#27;[J1.2 MiB / 2.1 MiB [==========>--------| 00:11 ] 135.00 KiB/s
&amp#27;[1A&amp#27;[J1.2 MiB / 2.1 MiB [==========>--------| 00:11 ] 132.37 KiB/s
&amp#27;[1A&amp#27;[J1.2 MiB / 2.1 MiB [==========>--------| 00:11 ] 129.87 KiB/s
&amp#27;[1A&amp#27;[J1.2 MiB / 2.1 MiB [==========>--------| 00:11 ] 127.26 KiB/s
&amp#27;[1A&amp#27;[J1.2 MiB / 2.1 MiB [==========>--------| 00:11 ] 124.96 KiB/s
&amp#27;[1A&amp#27;[J1.2 MiB / 2.1 MiB [==========>--------| 00:11 ] 125.98 KiB/s
&amp#27;[1A&amp#27;[J1.3 MiB / 2.1 MiB [===========>-------| 00:10 ] 130.10 KiB/s
&amp#27;[1A&amp#27;[J1.3 MiB / 2.1 MiB [===========>-------| 00:09 ] 131.00 KiB/s
&amp#27;[1A&amp#27;[J1.4 MiB / 2.1 MiB [============>------| 00:09 ] 134.73 KiB/s
&amp#27;[1A&amp#27;[J1.5 MiB / 2.1 MiB [=============>-----| 00:06 ] 147.55 KiB/s
&amp#27;[1A&amp#27;[J1.6 MiB / 2.1 MiB [=============>-----| 00:06 ] 148.07 KiB/s
&amp#27;[1A&amp#27;[J1.6 MiB / 2.1 MiB [=============>-----| 00:06 ] 145.68 KiB/s
&amp#27;[1A&amp#27;[J1.6 MiB / 2.1 MiB [==============>----| 00:05 ] 149.10 KiB/s
&amp#27;[1A&amp#27;[J1.6 MiB / 2.1 MiB [==============>----| 00:05 ] 146.56 KiB/s
&amp#27;[1A&amp#27;[J1.7 MiB / 2.1 MiB [==============>----| 00:05 ] 147.11 KiB/s
&amp#27;[1A&amp#27;[J1.7 MiB / 2.1 MiB [===============>---| 00:04 ] 147.58 KiB/s
&amp#27;[1A&amp#27;[J1.7 MiB / 2.1 MiB [===============>---| 00:04 ] 145.36 KiB/s
&amp#27;[1A&amp#27;[J1.7 MiB / 2.1 MiB [===============>---| 00:04 ] 145.92 KiB/s
&amp#27;[1A&amp#27;[J1.8 MiB / 2.1 MiB [===============>---| 00:04 ] 146.32 KiB/s
&amp#27;[1A&amp#27;[J1.8 MiB / 2.1 MiB [===============>---| 00:03 ] 146.83 KiB/s
&amp#27;[1A&amp#27;[J1.8 MiB / 2.1 MiB [================>--| 00:03 ] 147.16 KiB/s
&amp#27;[1A&amp#27;[J1.8 MiB / 2.1 MiB [================>--| 00:02 ] 147.66 KiB/s
&amp#27;[1A&amp#27;[J1.9 MiB / 2.1 MiB [================>--| 00:02 ] 148.13 KiB/s
&amp#27;[1A&amp#27;[J1.9 MiB / 2.1 MiB [=================>-| 00:02 ] 148.42 KiB/s
&amp#27;[1A&amp#27;[J1.9 MiB / 2.1 MiB [=================>-| 00:01 ] 148.86 KiB/s
&amp#27;[1A&amp#27;[J1.9 MiB / 2.1 MiB [=================>-| 00:01 ] 146.92 KiB/s
&amp#27;[1A&amp#27;[J2.0 MiB / 2.1 MiB [=================>-| 00:00 ] 149.66 KiB/s
&amp#27;[1A&amp#27;[J2.0 MiB / 2.1 MiB [=================>-| 00:00 ] 147.66 KiB/s
&amp#27;[1A&amp#27;[J2.0 MiB / 2.1 MiB [===================| 00:00 ] 148.10 KiB/s
&amp#27;[1A&amp#27;[J2.1 MiB / 2.1 MiB [===================| 00:00 ] 148.51 KiB/s
&amp#27;[1A&amp#27;[J2.1 MiB / 2.1 MiB [===================| 00:00 ] 146.56 KiB/s
&amp#27;[1A&amp#27;[J2.1 MiB / 2.1 MiB [===================| 00:00 ] 146.13 KiB/s
&amp#27;[1A&amp#27;[J2.1 MiB / 2.1 MiB [===================| 00:00 ] 146.13 KiB/s
&amp#27;[1A&amp#27;[J2.1 MiB / 2.1 MiB [===================| 00:00 ] 146.13 KiB/s
&amp#27;[1A&amp#27;[J2.1 MiB / 2.1 MiB [===================| 00:00 ] 146.13 KiB/s
&amp#27;[1A&amp#27;[J2.1 MiB / 2.1 MiB [===================| 00:00 ] 146.13 KiB/s
&amp#27;[1A&amp#27;[J2.1 MiB / 2.1 MiB [===================| 00:00 ] 146.13 KiB/s
&amp#27;[1A&amp#27;[J2.1 MiB / 2.1 MiB [===================| 00:00 ] 146.13 KiB/s
&amp#27;[1A&amp#27;[J2.1 MiB / 2.1 MiB [===================| 00:00 ] 146.13 KiB/s
&amp#27;[1A&amp#27;[J2.1 MiB / 2.1 MiB [===================| 00:00 ] 146.13 KiB/s
&amp#27;[1A&amp#27;[J2.1 MiB / 2.1 MiB [===================| 00:00 ] 146.13 KiB/s
&amp#27;[1A&amp#27;[J2.1 MiB / 2.1 MiB [===================| 00:00 ] 146.13 KiB/s
&amp#27;[1A&amp#27;[J2.1 MiB / 2.1 MiB [===================| 00:00 ] 146.13 KiB/s
&amp#27;[1A&amp#27;[J2.1 MiB / 2.1 MiB [===================| 00:00 ] 146.13 KiB/s
&amp#27;[1A&amp#27;[J2.1 MiB / 2.1 MiB [===================| 00:00 ] 146.13 KiB/s
&amp#27;[1A&amp#27;[J2.1 MiB / 2.1 MiB [===================| 00:00 ] 146.13 KiB/s
&amp#27;[1A&amp#27;[J2.1 MiB / 2.1 MiB [===================| 00:00 ] 146.13 KiB/s
&amp#27;[1A&amp#27;[J2.1 MiB / 2.1 MiB [===================| 00:00 ] 146.13 KiB/s
&amp#27;[1A&amp#27;[J2.1 MiB / 2.1 MiB [===================| 00:00 ] 146.13 KiB/s
&amp#27;[1A&amp#27;[J2.1 MiB / 2.1 MiB [===================| 00:00 ] 146.13 KiB/s
&amp#27;[1A&amp#27;[J2.1 MiB / 2.1 MiB [===================| 00:00 ] 146.13 KiB/s
&amp#27;[1A&amp#27;[J2.1 MiB / 2.1 MiB [===================| 00:00 ] 146.13 KiB/s
&amp#27;[1A&amp#27;[J2.1 MiB / 2.1 MiB [===================| 00:00 ] 146.13 KiB/s
&amp#27;[1A&amp#27;[J2.1 MiB / 2.1 MiB [===================| 00:00 ] 146.13 KiB/s
&amp#27;[1A&amp#27;[J2.1 MiB / 2.1 MiB [===================| 00:00 ] 146.13 KiB/s
&amp#27;[1A&amp#27;[J2.1 MiB / 2.1 MiB [===================| 00:00 ] 146.13 KiB/s
&amp#27;[1A&amp#27;[J2.1 MiB / 2.1 MiB [===================| 00:00 ] 146.13 KiB/s
&amp#27;[1A&amp#27;[J2.1 MiB / 2.1 MiB [===================| 00:00 ] 146.13 KiB/s
&amp#27;[1A&amp#27;[J2.1 MiB / 2.1 MiB [===================| 00:00 ] 146.13 KiB/s
&amp#27;[1A&amp#27;[J2.1 MiB / 2.1 MiB [===================| 00:00 ] 146.13 KiB/s
&amp#27;[1A&amp#27;[J2.1 MiB / 2.1 MiB [===================| 00:00 ] 146.13 KiB/s
&amp#27;[1A&amp#27;[J2.1 MiB / 2.1 MiB [===================| 00:00 ] 146.13 KiB/s
&amp#27;[1A&amp#27;[J2.1 MiB / 2.1 MiB [===================| 00:00 ] 146.13 KiB/s
&amp#27;[1A&amp#27;[J2.1 MiB / 2.1 MiB [===================| 00:00 ] 146.13 KiB/s
&amp#27;[1A&amp#27;[J2.1 MiB / 2.1 MiB [===================| 00:00 ] 146.13 KiB/s
&amp#27;[1A&amp#27;[J2.1 MiB / 2.1 MiB [===================| 00:00 ] 146.13 KiB/s
&amp#27;[1A&amp#27;[J2.1 MiB / 2.1 MiB [===================| 00:00 ] 146.13 KiB/s
&amp#27;[1A&amp#27;[J2.1 MiB / 2.1 MiB [===================| 00:00 ] 146.13 KiB/s
&amp#27;[1A&amp#27;[J2.1 MiB / 2.1 MiB [===================| 00:00 ] 146.13 KiB/s
&amp#27;[1A&amp#27;[J2.1 MiB / 2.1 MiB [===================| 00:00 ] 146.13 KiB/s
&amp#27;[1A&amp#27;[J2.1 MiB / 2.1 MiB [===================| 00:00 ] 146.13 KiB/s
&amp#27;[1A&amp#27;[J2.1 MiB / 2.1 MiB [===================| 00:00 ] 146.13 KiB/s
&amp#27;[1A&amp#27;[J2.1 MiB / 2.1 MiB [===================| 00:00 ] 146.13 KiB/s
&amp#27;[1A&amp#27;[J2.1 MiB / 2.1 MiB [===================| 00:00 ] 146.13 KiB/s
&amp#27;[1A&amp#27;[J2.1 MiB / 2.1 MiB [===================| 00:00 ] 146.13 KiB/s
&amp#27;[1A&amp#27;[J2.1 MiB / 2.1 MiB [===================| 00:00 ] 146.13 KiB/s
&amp#27;[1A&amp#27;[J2.1 MiB / 2.1 MiB [===================| 00:00 ] 146.13 KiB/s
&amp#27;[1A&amp#27;[J2.1 MiB / 2.1 MiB [===================| 00:00 ] 146.13 KiB/s
&amp#27;[1A&amp#27;[J2.1 MiB / 2.1 MiB [===================| 00:00 ] 146.13 KiB/s
&amp#27;[1A&amp#27;[J2.1 MiB / 2.1 MiB [===================| 00:00 ] 146.13 KiB/s
&amp#27;[1A&amp#27;[J2.1 MiB / 2.1 MiB [===================| 00:00 ] 146.13 KiB/s
&amp#27;[1A&amp#27;[J2.1 MiB / 2.1 MiB [===================| 00:00 ] 146.13 KiB/s
&amp#27;[1A&amp#27;[J2.1 MiB / 2.1 MiB [===================| 00:00 ] 146.13 KiB/s
&amp#27;[1A&amp#27;[J2.1 MiB / 2.1 MiB [===================| 00:00 ] 146.13 KiB/s
&amp#27;[1A&amp#27;[J2.1 MiB / 2.1 MiB [===================| 00:00 ] 146.13 KiB/s
&amp#27;[1A&amp#27;[J2.1 MiB / 2.1 MiB [===================| 00:00 ] 146.13 KiB/s
&amp#27;[1A&amp#27;[J2.1 MiB / 2.1 MiB [===================| 00:00 ] 146.13 KiB/s
&amp#27;[1A&amp#27;[J2.1 MiB / 2.1 MiB [===================| 00:00 ] 146.13 KiB/s
&amp#27;[1A&amp#27;[J2.1 MiB / 2.1 MiB [===================| 00:00 ] 146.13 KiB/s
&amp#27;[1A&amp#27;[J2.1 MiB / 2.1 MiB [===================| 00:00 ] 146.13 KiB/s
&amp#27;[1A&amp#27;[J2.1 MiB / 2.1 MiB [===================| 00:00 ] 146.13 KiB/s
&amp#27;[1A&amp#27;[J2.1 MiB / 2.1 MiB [===================| 00:00 ] 146.13 KiB/s
&amp#27;[1A&amp#27;[J2.1 MiB / 2.1 MiB [===================| 00:00 ] 146.13 KiB/s
&amp#27;[1A&amp#27;[J2.1 MiB / 2.1 MiB [===================| 00:00 ] 146.13 KiB/s
&amp#27;[1A&amp#27;[J2.1 MiB / 2.1 MiB [===================| 00:00 ] 146.13 KiB/s
&amp#27;[1A&amp#27;[J2.1 MiB / 2.1 MiB [===================| 00:00 ] 146.13 KiB/s
&amp#27;[1A&amp#27;[J2.1 MiB / 2.1 MiB [===================| 00:00 ] 146.13 KiB/s
&amp#27;[1A&amp#27;[J2.1 MiB / 2.1 MiB [===================| 00:00 ] 146.13 KiB/s
&amp#27;[1A&amp#27;[J2.1 MiB / 2.1 MiB [===================| 00:00 ] 146.13 KiB/s
&amp#27;[1A&amp#27;[J2.1 MiB / 2.1 MiB [===================| 00:00 ] 146.13 KiB/s
&amp#27;[1A&amp#27;[J2.1 MiB / 2.1 MiB [===================| 00:00 ] 146.13 KiB/s
&amp#27;[1A&amp#27;[J2.1 MiB / 2.1 MiB [===================| 00:00 ] 146.13 KiB/s
&amp#27;[1A&amp#27;[J2.1 MiB / 2.1 MiB [===================| 00:00 ] 146.13 KiB/s
&amp#27;[1A&amp#27;[J2.1 MiB / 2.1 MiB [===================| 00:00 ] 146.13 KiB/s
&amp#27;[1A&amp#27;[J2.1 MiB / 2.1 MiB [===================| 00:00 ] 146.13 KiB/s
&amp#27;[1A&amp#27;[J2.1 MiB / 2.1 MiB [===================| 00:00 ] 146.13 KiB/s
&amp#27;[1A&amp#27;[J2.1 MiB / 2.1 MiB [===================| 00:00 ] 146.13 KiB/s
&amp#27;[1A&amp#27;[J2.1 MiB / 2.1 MiB [===================| 00:00 ] 146.13 KiB/s
&amp#27;[1A&amp#27;[J2.1 MiB / 2.1 MiB [===================| 00:00 ] 146.13 KiB/s
&amp#27;[1A&amp#27;[J2.1 MiB / 2.1 MiB [===================| 00:00 ] 146.13 KiB/s
&amp#27;[1A&amp#27;[J2.1 MiB / 2.1 MiB [===================| 00:00 ] 146.13 KiB/s
&amp#27;[1A&amp#27;[J2.1 MiB / 2.1 MiB [===================| 00:00 ] 146.13 KiB/s
&amp#27;[1A&amp#27;[J2.1 MiB / 2.1 MiB [===================| 00:00 ] 146.13 KiB/s
&amp#27;[1A&amp#27;[J2.1 MiB / 2.1 MiB [===================| 00:00 ] 146.13 KiB/s
&amp#27;[1A&amp#27;[J2.1 MiB / 2.1 MiB [===================| 00:00 ] 146.13 KiB/s
&amp#27;[1A&amp#27;[J2.1 MiB / 2.1 MiB [===================| 00:00 ] 146.13 KiB/s
&amp#27;[1A&amp#27;[J2.1 MiB / 2.1 MiB [===================| 00:00 ] 146.13 KiB/s
&amp#27;[1A&amp#27;[J2.1 MiB / 2.1 MiB [===================| 00:00 ] 146.13 KiB/s
&amp#27;[1A&amp#27;[J2.1 MiB / 2.1 MiB [===================| 00:00 ] 146.13 KiB/s
&amp#27;[1A&amp#27;[J2.1 MiB / 2.1 MiB [===================| 00:00 ] 146.13 KiB/s
&amp#27;[1A&amp#27;[J2.1 MiB / 2.1 MiB [===================| 00:00 ] 146.13 KiB/s
&amp#27;[1A&amp#27;[J2.1 MiB / 2.1 MiB [===================| 00:00 ] 146.13 KiB/s
&amp#27;[1A&amp#27;[J2.1 MiB / 2.1 MiB [===================| 00:00 ] 146.13 KiB/s
&amp#27;[1A&amp#27;[J2.1 MiB / 2.1 MiB [===================| 00:00 ] 146.13 KiB/s
&amp#27;[1A&amp#27;[J2.1 MiB / 2.1 MiB [===================| 00:00 ] 146.13 KiB/s
&amp#27;[1A&amp#27;[J2.1 MiB / 2.1 MiB [===================| 00:00 ] 146.13 KiB/s
&amp#27;[1A&amp#27;[J2.1 MiB / 2.1 MiB [===================| 00:00 ] 146.13 KiB/s
&amp#27;[1A&amp#27;[J2.1 MiB / 2.1 MiB [===================| 00:00 ] 146.13 KiB/s
&amp#27;[1A&amp#27;[J2.1 MiB / 2.1 MiB [===================| 00:00 ] 146.13 KiB/s
&amp#27;[1A&amp#27;[J2.1 MiB / 2.1 MiB [===================| 00:00 ] 146.13 KiB/s
&amp#27;[1A&amp#27;[J2.1 MiB / 2.1 MiB [===================| 00:00 ] 146.13 KiB/s
&amp#27;[1A&amp#27;[J2.1 MiB / 2.1 MiB [===================| 00:00 ] 146.13 KiB/s
&amp#27;[1A&amp#27;[J2.1 MiB / 2.1 MiB [===================| 00:00 ] 146.13 KiB/s
&amp#27;[1A&amp#27;[J2.1 MiB / 2.1 MiB [===================| 00:00 ] 146.13 KiB/s
&amp#27;[1A&amp#27;[J2.1 MiB / 2.1 MiB [===================| 00:00 ] 146.13 KiB/s
&amp#27;[1A&amp#27;[J2.1 MiB / 2.1 MiB [===================| 00:00 ] 146.13 KiB/s
&amp#27;[1A&amp#27;[J2.1 MiB / 2.1 MiB [===================| 00:00 ] 146.13 KiB/s
&amp#27;[1A&amp#27;[J2.1 MiB / 2.1 MiB [===================| 00:00 ] 146.13 KiB/s
&amp#27;[1A&amp#27;[J2.1 MiB / 2.1 MiB [===================| 00:00 ] 146.13 KiB/s
&amp#27;[1A&amp#27;[J2.1 MiB / 2.1 MiB [===================| 00:00 ] 146.13 KiB/s
&amp#27;[1A&amp#27;[J2.1 MiB / 2.1 MiB [===================| 00:00 ] 146.13 KiB/s
&amp#27;[1A&amp#27;[J2.1 MiB / 2.1 MiB [===================| 00:00 ] 146.13 KiB/s
&amp#27;[1A&amp#27;[J2.1 MiB / 2.1 MiB [===================| 00:00 ] 146.13 KiB/s
&amp#27;[1A&amp#27;[J2.1 MiB / 2.1 MiB [===================| 00:00 ] 146.13 KiB/s
&amp#27;[1A&amp#27;[J2.1 MiB / 2.1 MiB [===================| 00:00 ] 146.13 KiB/s
&amp#27;[1A&amp#27;[J2.1 MiB / 2.1 MiB [===================| 00:00 ] 146.13 KiB/s
&amp#27;[1A&amp#27;[J2.1 MiB / 2.1 MiB [===================| 00:00 ] 146.13 KiB/s
&amp#27;[1A&amp#27;[J2.1 MiB / 2.1 MiB [===================| 00:00 ] 146.13 KiB/s
&amp#27;[1A&amp#27;[J2.1 MiB / 2.1 MiB [===================| 00:00 ] 146.13 KiB/s
&amp#27;[1A&amp#27;[J2.1 MiB / 2.1 MiB [===================| 00:00 ] 146.13 KiB/s
&amp#27;[1A&amp#27;[J2.1 MiB / 2.1 MiB [===================| 00:00 ] 146.13 KiB/s
&amp#27;[1A&amp#27;[J2.1 MiB / 2.1 MiB [===================| 00:00 ] 146.13 KiB/s
&amp#27;[1A&amp#27;[J2.1 MiB / 2.1 MiB [===================| 00:00 ] 146.13 KiB/s
&amp#27;[1A&amp#27;[J2.1 MiB / 2.1 MiB [===================| 00:00 ] 146.13 KiB/s
&amp#27;[1A&amp#27;[J2.1 MiB / 2.1 MiB [===================| 00:00 ] 146.13 KiB/s
&amp#27;[1A&amp#27;[J2.1 MiB / 2.1 MiB [===================| 00:00 ] 146.13 KiB/s
&amp#27;[1A&amp#27;[J2.1 MiB / 2.1 MiB [===================| 00:00 ] 146.13 KiB/s
&amp#27;[1A&amp#27;[J2.1 MiB / 2.1 MiB [===================| 00:00 ] 146.13 KiB/s
&amp#27;[1A&amp#27;[J2.1 MiB / 2.1 MiB [===================| 00:00 ] 146.13 KiB/s
&amp#27;[1A&amp#27;[J2.1 MiB / 2.1 MiB [===================| 00:00 ] 146.13 KiB/s
&amp#27;[1A&amp#27;[J2.1 MiB / 2.1 MiB [===================| 00:00 ] 146.13 KiB/s
&amp#27;[1A&amp#27;[J2.1 MiB / 2.1 MiB [===================| 00:00 ] 146.13 KiB/s
&amp#27;[1A&amp#27;[J2.1 MiB / 2.1 MiB [===================| 00:00 ] 146.13 KiB/s
&amp#27;[1A&amp#27;[J2.1 MiB / 2.1 MiB [===================| 00:00 ] 146.13 KiB/s
&amp#27;[1A&amp#27;[J2.1 MiB / 2.1 MiB [===================| 00:00 ] 146.13 KiB/s
&amp#27;[1A&amp#27;[J2.1 MiB / 2.1 MiB [===================| 00:00 ] 146.13 KiB/s
&amp#27;[1A&amp#27;[J2.1 MiB / 2.1 MiB [===================| 00:00 ] 146.13 KiB/s
&amp#27;[1A&amp#27;[J2.1 MiB / 2.1 MiB [===================| 00:00 ] 146.13 KiB/s
&amp#27;[1A&amp#27;[J2.1 MiB / 2.1 MiB [===================| 00:00 ] 146.13 KiB/s
&amp#27;[1A&amp#27;[J2.1 MiB / 2.1 MiB [===================| 00:00 ] 146.13 KiB/s
&amp#27;[1A&amp#27;[J2.1 MiB / 2.1 MiB [===================| 00:00 ] 146.13 KiB/s
&amp#27;[1A&amp#27;[J2.1 MiB / 2.1 MiB [===================| 00:00 ] 146.13 KiB/s
&amp#27;[1A&amp#27;[J2.1 MiB / 2.1 MiB [===================| 00:00 ] 146.13 KiB/s
&amp#27;[1A&amp#27;[J2.1 MiB / 2.1 MiB [===================| 00:00 ] 146.13 KiB/s
&amp#27;[1A&amp#27;[J2.1 MiB / 2.1 MiB [===================| 00:00 ] 146.13 KiB/s
&amp#27;[1A&amp#27;[J2.1 MiB / 2.1 MiB [===================| 00:00 ] 146.13 KiB/s
&amp#27;[1A&amp#27;[J2.1 MiB / 2.1 MiB [===================| 00:00 ] 146.13 KiB/s
&amp#27;[1A&amp#27;[J2.1 MiB / 2.1 MiB [===================| 00:00 ] 146.13 KiB/s
&amp#27;[1A&amp#27;[J2.1 MiB / 2.1 MiB [===================| 00:00 ] 146.13 KiB/s
&amp#27;[1A&amp#27;[J2.1 MiB / 2.1 MiB [===================| 00:00 ] 146.13 KiB/s
&amp#27;[1A&amp#27;[J2.1 MiB / 2.1 MiB [===================| 00:00 ] 146.13 KiB/s
&amp#27;[1A&amp#27;[J2.1 MiB / 2.1 MiB [===================| 00:00 ] 146.13 KiB/s
&amp#27;[1A&amp#27;[J2.1 MiB / 2.1 MiB [===================| 00:00 ] 146.13 KiB/s
&amp#27;[1A&amp#27;[J2.1 MiB / 2.1 MiB [===================| 00:00 ] 146.13 KiB/s
&amp#27;[1A&amp#27;[J2.1 MiB / 2.1 MiB [===================| 00:00 ] 146.13 KiB/s
&amp#27;[1A&amp#27;[J2.1 MiB / 2.1 MiB [===================| 00:00 ] 146.13 KiB/s
&amp#27;[1A&amp#27;[J2.1 MiB / 2.1 MiB [===================| 00:00 ] 146.13 KiB/s
&amp#27;[1A&amp#27;[J2.1 MiB / 2.1 MiB [===================| 00:00 ] 146.13 KiB/s
&amp#27;[1A&amp#27;[J2.1 MiB / 2.1 MiB [===================| 00:00 ] 146.13 KiB/s
&amp#27;[1A&amp#27;[J2.1 MiB / 2.1 MiB [===================| 00:00 ] 146.13 KiB/s
&amp#27;[1A&amp#27;[J2.1 MiB / 2.1 MiB [===================| 00:00 ] 146.13 KiB/s
&amp#27;[1A&amp#27;[J2.1 MiB / 2.1 MiB [===================| 00:00 ] 146.13 KiB/s
&amp#27;[1A&amp#27;[J2.1 MiB / 2.1 MiB [===================| 00:00 ] 146.13 KiB/s
&amp#27;[1A&amp#27;[J2.1 MiB / 2.1 MiB [===================| 00:00 ] 146.13 KiB/s
&amp#27;[1A&amp#27;[J2.1 MiB / 2.1 MiB [===================| 00:00 ] 146.13 KiB/s
&amp#27;[1A&amp#27;[J2.1 MiB / 2.1 MiB [===================| 00:00 ] 146.13 KiB/s
&amp#27;[1A&amp#27;[J2.1 MiB / 2.1 MiB [===================| 00:00 ] 146.13 KiB/s
&amp#27;[1A&amp#27;[J2.1 MiB / 2.1 MiB [===================| 00:00 ] 146.13 KiB/s
&amp#27;[1A&amp#27;[J2.1 MiB / 2.1 MiB [===================| 00:00 ] 146.13 KiB/s
&amp#27;[1A&amp#27;[J2.1 MiB / 2.1 MiB [===================| 00:00 ] 146.13 KiB/s
&amp#27;[1A&amp#27;[J2.1 MiB / 2.1 MiB [===================| 00:00 ] 146.13 KiB/s
&amp#27;[1A&amp#27;[J2.1 MiB / 2.1 MiB [===================| 00:00 ] 146.13 KiB/s
&amp#27;[1A&amp#27;[J2.1 MiB / 2.1 MiB [===================| 00:00 ] 146.13 KiB/s
&amp#27;[1A&amp#27;[J2.1 MiB / 2.1 MiB [===================| 00:00 ] 146.13 KiB/s
&amp#27;[1A&amp#27;[J2.1 MiB / 2.1 MiB [===================| 00:00 ] 146.13 KiB/s
&amp#27;[1A&amp#27;[J2.1 MiB / 2.1 MiB [===================| 00:00 ] 146.13 KiB/s
&amp#27;[1A&amp#27;[J2.1 MiB / 2.1 MiB [===================| 00:00 ] 146.13 KiB/s
&amp#27;[1A&amp#27;[J2.1 MiB / 2.1 MiB [===================| 00:00 ] 146.13 KiB/s
&amp#27;[1A&amp#27;[J2.1 MiB / 2.1 MiB [===================| 00:00 ] 146.13 KiB/s
&amp#27;[1A&amp#27;[J2.1 MiB / 2.1 MiB [===================| 00:00 ] 146.13 KiB/s
&amp#27;[1A&amp#27;[J2.1 MiB / 2.1 MiB [===================| 00:00 ] 146.13 KiB/s
&amp#27;[1A&amp#27;[J2.1 MiB / 2.1 MiB [===================| 00:00 ] 146.13 KiB/s
&amp#27;[1A&amp#27;[J2.1 MiB / 2.1 MiB [===================| 00:00 ] 146.13 KiB/s
&amp#27;[1A&amp#27;[J2.1 MiB / 2.1 MiB [===================| 00:00 ] 146.13 KiB/s
&amp#27;[1A&amp#27;[J2.1 MiB / 2.1 MiB [===================| 00:00 ] 146.13 KiB/s
&amp#27;[1A&amp#27;[J2.1 MiB / 2.1 MiB [===================| 00:00 ] 146.13 KiB/s
&amp#27;[1A&amp#27;[J2.1 MiB / 2.1 MiB [===================| 00:00 ] 146.13 KiB/s
&amp#27;[1A&amp#27;[J2.1 MiB / 2.1 MiB [===================| 00:00 ] 146.13 KiB/s
&amp#27;[1A&amp#27;[J2.1 MiB / 2.1 MiB [===================| 00:00 ] 146.13 KiB/s
&amp#27;[1A&amp#27;[J2.1 MiB / 2.1 MiB [===================| 00:00 ] 146.13 KiB/s
&amp#27;[1A&amp#27;[J2.1 MiB / 2.1 MiB [===================| 00:00 ] 146.13 KiB/s
&amp#27;[1A&amp#27;[J2.1 MiB / 2.1 MiB [===================| 00:00 ] 146.13 KiB/s
&amp#27;[1A&amp#27;[J2.1 MiB / 2.1 MiB [===================| 00:00 ] 146.13 KiB/s
&amp#27;[1A&amp#27;[J2.1 MiB / 2.1 MiB [===================| 00:00 ] 146.13 KiB/s
&amp#27;[1A&amp#27;[J2.1 MiB / 2.1 MiB [===================| 00:00 ] 146.13 KiB/s
&amp#27;[1A&amp#27;[J2.1 MiB / 2.1 MiB [===================| 00:00 ] 146.13 KiB/s
&amp#27;[1A&amp#27;[J2.1 MiB / 2.1 MiB [===================| 00:00 ] 146.13 KiB/s
&amp#27;[1A&amp#27;[J2.1 MiB / 2.1 MiB [===================| 00:00 ] 146.13 KiB/s
&amp#27;[1A&amp#27;[J2.1 MiB / 2.1 MiB [===================| 00:00 ] 146.13 KiB/s
&amp#27;[1A&amp#27;[J2.1 MiB / 2.1 MiB [===================| 00:00 ] 146.13 KiB/s
&amp#27;[1A&amp#27;[J2.1 MiB / 2.1 MiB [===================| 00:00 ] 146.13 KiB/s
&amp#27;[1A&amp#27;[J2.1 MiB / 2.1 MiB [===================| 00:00 ] 146.13 KiB/s
&amp#27;[1A&amp#27;[J2.1 MiB / 2.1 MiB [===================| 00:00 ] 146.13 KiB/s
&amp#27;[1A&amp#27;[J2.1 MiB / 2.1 MiB [===================| 00:00 ] 146.13 KiB/s
&amp#27;[1A&amp#27;[J2.1 MiB / 2.1 MiB [===================| 00:00 ] 146.13 KiB/s
&amp#27;[1A&amp#27;[J2.1 MiB / 2.1 MiB [===================| 00:00 ] 146.13 KiB/s
&amp#27;[1A&amp#27;[J2.1 MiB / 2.1 MiB [===================| 00:00 ] 146.13 KiB/s
&amp#27;[1A&amp#27;[J2.1 MiB / 2.1 MiB [===================| 00:00 ] 146.13 KiB/s
&amp#27;[1A&amp#27;[J2.1 MiB / 2.1 MiB [===================| 00:00 ] 146.13 KiB/s
&amp#27;[1A&amp#27;[J2.1 MiB / 2.1 MiB [===================| 00:00 ] 146.13 KiB/s
&amp#27;[1A&amp#27;[J2.1 MiB / 2.1 MiB [===================| 00:00 ] 146.13 KiB/s
&amp#27;[1A&amp#27;[J2.1 MiB / 2.1 MiB [===================| 00:00 ] 146.13 KiB/s
&amp#27;[1A&amp#27;[J2.1 MiB / 2.1 MiB [===================| 00:00 ] 146.13 KiB/s
&amp#27;[1A&amp#27;[J2.1 MiB / 2.1 MiB [===================| 00:00 ] 146.13 KiB/s
&amp#27;[1A&amp#27;[J2.1 MiB / 2.1 MiB [===================| 00:00 ] 146.13 KiB/s
&amp#27;[1A&amp#27;[J2.1 MiB / 2.1 MiB [===================| 00:00 ] 146.13 KiB/s
&amp#27;[1A&amp#27;[J2.1 MiB / 2.1 MiB [===================| 00:00 ] 146.13 KiB/s
&amp#27;[1A&amp#27;[J2.1 MiB / 2.1 MiB [===================| 00:00 ] 146.13 KiB/s
&amp#27;[1A&amp#27;[J2.1 MiB / 2.1 MiB [===================| 00:00 ] 146.13 KiB/s
&amp#27;[1A&amp#27;[J2.1 MiB / 2.1 MiB [===================| 00:00 ] 146.13 KiB/s
&amp#27;[1A&amp#27;[J2.1 MiB / 2.1 MiB [===================| 00:00 ] 146.13 KiB/s
&amp#27;[1A&amp#27;[J2.1 MiB / 2.1 MiB [===================| 00:00 ] 146.13 KiB/s
&amp#27;[1A&amp#27;[J2.1 MiB / 2.1 MiB [===================| 00:00 ] 146.13 KiB/s
&amp#27;[1A&amp#27;[J2.1 MiB / 2.1 MiB [===================| 00:00 ] 146.13 KiB/s
&amp#27;[1A&amp#27;[J2.1 MiB / 2.1 MiB [===================| 00:00 ] 146.13 KiB/s
&amp#27;[1A&amp#27;[J2.1 MiB / 2.1 MiB [===================| 00:00 ] 146.13 KiB/s
&amp#27;[1A&amp#27;[J2.1 MiB / 2.1 MiB [===================| 00:00 ] 146.13 KiB/s
&amp#27;[1A&amp#27;[J2.1 MiB / 2.1 MiB [===================| 00:00 ] 146.13 KiB/s
&amp#27;[1A&amp#27;[J2.1 MiB / 2.1 MiB [===================| 00:00 ] 146.13 KiB/s
&amp#27;[1A&amp#27;[J2.1 MiB / 2.1 MiB [===================| 00:00 ] 146.13 KiB/s
&amp#27;[1A&amp#27;[J2.1 MiB / 2.1 MiB [===================| 00:00 ] 146.13 KiB/s
&amp#27;[1A&amp#27;[J2.1 MiB / 2.1 MiB [===================| 00:00 ] 146.13 KiB/s
&amp#27;[1A&amp#27;[J2.1 MiB / 2.1 MiB [===================| 00:00 ] 146.13 KiB/s
&amp#27;[1A&amp#27;[J2.1 MiB / 2.1 MiB [===================| 00:00 ] 146.13 KiB/s
&amp#27;[1A&amp#27;[J2.1 MiB / 2.1 MiB [===================| 00:00 ] 146.13 KiB/s
&amp#27;[1A&amp#27;[J2.1 MiB / 2.1 MiB [===================| 00:00 ] 146.13 KiB/s
&amp#27;[1A&amp#27;[J2.1 MiB / 2.1 MiB [===================| 00:00 ] 146.13 KiB/s
&amp#27;[1A&amp#27;[J2.1 MiB / 2.1 MiB [===================| 00:00 ] 146.13 KiB/s
&amp#27;[1A&amp#27;[J2.1 MiB / 2.1 MiB [===================| 00:00 ] 146.13 KiB/s
&amp#27;[1A&amp#27;[J2.1 MiB / 2.1 MiB [===================| 00:00 ] 146.13 KiB/s
&amp#27;[1A&amp#27;[J2.1 MiB / 2.1 MiB [===================| 00:00 ] 146.13 KiB/s
&amp#27;[1A&amp#27;[J2.1 MiB / 2.1 MiB [===================| 00:00 ] 146.13 KiB/s
&amp#27;[1A&amp#27;[J2.1 MiB / 2.1 MiB [===================| 00:00 ] 146.13 KiB/s
&amp#27;[1A&amp#27;[J2.1 MiB / 2.1 MiB [===================| 00:00 ] 146.13 KiB/s
&amp#27;[1A&amp#27;[J2.1 MiB / 2.1 MiB [===================| 00:00 ] 146.13 KiB/s
&amp#27;[1A&amp#27;[J2.1 MiB / 2.1 MiB [===================| 00:00 ] 146.13 KiB/s
&amp#27;[1A&amp#27;[J2.1 MiB / 2.1 MiB [===================| 00:00 ] 146.13 KiB/s
&amp#27;[1A&amp#27;[J2.1 MiB / 2.1 MiB [===================| 00:00 ] 146.13 KiB/s
&amp#27;[1A&amp#27;[J2.1 MiB / 2.1 MiB [===================| 00:00 ] 146.13 KiB/s
&amp#27;[1A&amp#27;[J2.1 MiB / 2.1 MiB [===================| 00:00 ] 146.13 KiB/s
&amp#27;[1A&amp#27;[J2.1 MiB / 2.1 MiB [===================| 00:00 ] 146.13 KiB/s
&amp#27;[1A&amp#27;[J2.1 MiB / 2.1 MiB [===================| 00:00 ] 146.13 KiB/s
&amp#27;[1A&amp#27;[J2.1 MiB / 2.1 MiB [===================| 00:00 ] 146.13 KiB/s
&amp#27;[1A&amp#27;[J2.1 MiB / 2.1 MiB [===================| 00:00 ] 146.13 KiB/s
&amp#27;[1A&amp#27;[J2.1 MiB / 2.1 MiB [===================| 00:00 ] 146.13 KiB/s
&amp#27;[1A&amp#27;[J2.1 MiB / 2.1 MiB [===================| 00:00 ] 146.13 KiB/s
&amp#27;[1A&amp#27;[J2.1 MiB / 2.1 MiB [===================| 00:00 ] 146.13 KiB/s
&amp#27;[1A&amp#27;[J2.1 MiB / 2.1 MiB [===================| 00:00 ] 146.13 KiB/s
&amp#27;[1A&amp#27;[J2.1 MiB / 2.1 MiB [===================| 00:00 ] 146.13 KiB/s
&amp#27;[1A&amp#27;[J2.1 MiB / 2.1 MiB [===================| 00:00 ] 146.13 KiB/s
&amp#27;[1A&amp#27;[J2.1 MiB / 2.1 MiB [===================| 00:00 ] 146.13 KiB/s
&amp#27;[1A&amp#27;[J2.1 MiB / 2.1 MiB [===================| 00:00 ] 146.13 KiB/s
&amp#27;[1A&amp#27;[J2.1 MiB / 2.1 MiB [===================| 00:00 ] 146.13 KiB/s
&amp#27;[1A&amp#27;[J2.1 MiB / 2.1 MiB [===================| 00:00 ] 146.13 KiB/s
&amp#27;[1A&amp#27;[J2.1 MiB / 2.1 MiB [===================| 00:00 ] 146.13 KiB/s
&amp#27;[1A&amp#27;[J2.1 MiB / 2.1 MiB [===================| 00:00 ] 146.13 KiB/s
&amp#27;[1A&amp#27;[J2.1 MiB / 2.1 MiB [===================| 00:00 ] 146.13 KiB/s
&amp#27;[1A&amp#27;[J2.1 MiB / 2.1 MiB [===================| 00:00 ] 146.13 KiB/s
&amp#27;[1A&amp#27;[J2.1 MiB / 2.1 MiB [===================| 00:00 ] 146.13 KiB/s
&amp#27;[1A&amp#27;[J2.1 MiB / 2.1 MiB [===================| 00:00 ] 146.13 KiB/s
&amp#27;[1A&amp#27;[J2.1 MiB / 2.1 MiB [===================| 00:00 ] 146.13 KiB/s
&amp#27;[1A&amp#27;[J2.1 MiB / 2.1 MiB [===================| 00:00 ] 146.13 KiB/s
&amp#27;[1A&amp#27;[J2.1 MiB / 2.1 MiB [===================| 00:00 ] 146.13 KiB/s
&amp#27;[1A&amp#27;[J2.1 MiB / 2.1 MiB [===================| 00:00 ] 146.13 KiB/s
&amp#27;[1A&amp#27;[J2.1 MiB / 2.1 MiB [===================| 00:00 ] 146.13 KiB/s
&amp#27;[1A&amp#27;[J2.1 MiB / 2.1 MiB [===================| 00:00 ] 146.13 KiB/s
&amp#27;[1A&amp#27;[J2.1 MiB / 2.1 MiB [===================| 00:00 ] 146.13 KiB/s
&amp#27;[1A&amp#27;[J2.1 MiB / 2.1 MiB [===================| 00:00 ] 146.13 KiB/s
&amp#27;[1A&amp#27;[J2.1 MiB / 2.1 MiB [===================| 00:00 ] 146.13 KiB/s
&amp#27;[1A&amp#27;[J2.1 MiB / 2.1 MiB [===================| 00:00 ] 146.13 KiB/s
&amp#27;[1A&amp#27;[J2.1 MiB / 2.1 MiB [===================| 00:00 ] 146.13 KiB/s
&amp#27;[1A&amp#27;[J2.1 MiB / 2.1 MiB [===================| 00:00 ] 146.13 KiB/s
&amp#27;[1A&amp#27;[J2.1 MiB / 2.1 MiB [===================| 00:00 ] 146.13 KiB/s
&amp#27;[1A&amp#27;[J2.1 MiB / 2.1 MiB [===================| 00:00 ] 146.13 KiB/s
&amp#27;[1A&amp#27;[J2.1 MiB / 2.1 MiB [===================| 00:00 ] 146.13 KiB/s
&amp#27;[1A&amp#27;[J2.1 MiB / 2.1 MiB [===================| 00:00 ] 146.13 KiB/s
&amp#27;[1A&amp#27;[J2.1 MiB / 2.1 MiB [===================| 00:00 ] 146.13 KiB/s
&amp#27;[1A&amp#27;[J2.1 MiB / 2.1 MiB [===================| 00:00 ] 146.13 KiB/s
&amp#27;[1A&amp#27;[J2.1 MiB / 2.1 MiB [===================| 00:00 ] 146.13 KiB/s
&amp#27;[1A&amp#27;[J2.1 MiB / 2.1 MiB [===================| 00:00 ] 146.13 KiB/s
&amp#27;[1A&amp#27;[J2.1 MiB / 2.1 MiB [===================| 00:00 ] 146.13 KiB/s
&amp#27;[1A&amp#27;[J2.1 MiB / 2.1 MiB [===================| 00:00 ] 146.13 KiB/s
&amp#27;[1A&amp#27;[J2.1 MiB / 2.1 MiB [===================| 00:00 ] 146.13 KiB/s
&amp#27;[1A&amp#27;[J2.1 MiB / 2.1 MiB [===================| 00:00 ] 146.13 KiB/s
&amp#27;[1A&amp#27;[J2.1 MiB / 2.1 MiB [===================| 00:00 ] 146.13 KiB/s
&amp#27;[1A&amp#27;[J2.1 MiB / 2.1 MiB [===================| 00:00 ] 146.13 KiB/s
&amp#27;[1A&amp#27;[J2.1 MiB / 2.1 MiB [===================| 00:00 ] 146.13 KiB/s
&amp#27;[1A&amp#27;[J2.1 MiB / 2.1 MiB [===================| 00:00 ] 146.13 KiB/s
&amp#27;[1A&amp#27;[J2.1 MiB / 2.1 MiB [===================| 00:00 ] 146.13 KiB/s
&amp#27;[1A&amp#27;[J2.1 MiB / 2.1 MiB [===================| 00:00 ] 146.13 KiB/s
&amp#27;[1A&amp#27;[J2.1 MiB / 2.1 MiB [===================| 00:00 ] 146.13 KiB/s
&amp#27;[1A&amp#27;[J2.1 MiB / 2.1 MiB [===================| 00:00 ] 146.13 KiB/s
&amp#27;[1A&amp#27;[J2.1 MiB / 2.1 MiB [===================| 00:00 ] 146.13 KiB/s
&amp#27;[1A&amp#27;[J2.1 MiB / 2.1 MiB [===================| 00:00 ] 146.13 KiB/s
&amp#27;[1A&amp#27;[J2.1 MiB / 2.1 MiB [===================| 00:00 ] 146.13 KiB/s
&amp#27;[1A&amp#27;[J2.1 MiB / 2.1 MiB [===================| 00:00 ] 146.13 KiB/s
&amp#27;[1A&amp#27;[J2.1 MiB / 2.1 MiB [===================| 00:00 ] 146.13 KiB/s
&amp#27;[1A&amp#27;[J2.1 MiB / 2.1 MiB [===================| 00:00 ] 146.13 KiB/s
&amp#27;[1A&amp#27;[J2.1 MiB / 2.1 MiB [===================| 00:00 ] 146.13 KiB/s
&amp#27;[1A&amp#27;[J2.1 MiB / 2.1 MiB [===================| 00:00 ] 146.13 KiB/s
&amp#27;[1A&amp#27;[J2.1 MiB / 2.1 MiB [===================| 00:00 ] 146.13 KiB/s
&amp#27;[1A&amp#27;[J2.1 MiB / 2.1 MiB [===================| 00:00 ] 146.13 KiB/s
&amp#27;[1A&amp#27;[J2.1 MiB / 2.1 MiB [===================| 00:00 ] 146.13 KiB/s
&amp#27;[1A&amp#27;[J2.1 MiB / 2.1 MiB [===================| 00:00 ] 146.13 KiB/s
&amp#27;[1A&amp#27;[J2.1 MiB / 2.1 MiB [===================| 00:00 ] 146.13 KiB/s
&amp#27;[1A&amp#27;[J2.1 MiB / 2.1 MiB [===================| 00:00 ] 146.13 KiB/s
&amp#27;[1A&amp#27;[J2.1 MiB / 2.1 MiB [===================| 00:00 ] 146.13 KiB/s
&amp#27;[1A&amp#27;[J2.1 MiB / 2.1 MiB [===================| 00:00 ] 146.13 KiB/s
&amp#27;[1A&amp#27;[J2.1 MiB / 2.1 MiB [===================| 00:00 ] 146.13 KiB/s
&amp#27;[1A&amp#27;[J2.1 MiB / 2.1 MiB [===================| 00:00 ] 146.13 KiB/s
&amp#27;[1A&amp#27;[J2.1 MiB / 2.1 MiB [===================| 00:00 ] 146.13 KiB/s
&amp#27;[1A&amp#27;[J2.1 MiB / 2.1 MiB [===================| 00:00 ] 146.13 KiB/s
&amp#27;[1A&amp#27;[J2.1 MiB / 2.1 MiB [===================| 00:00 ] 146.13 KiB/s
&amp#27;[1A&amp#27;[J2.1 MiB / 2.1 MiB [===================| 00:00 ] 146.13 KiB/s
&amp#27;[1A&amp#27;[J2.1 MiB / 2.1 MiB [===================| 00:00 ] 146.13 KiB/s
63
Extracted File ID: 63
Saved File ID to config.properties: 63
]]></system-out>
  </testcase>
  <testcase name="testSpecialCharacterFileNameUpload" classname="com.appknox.tests.upload.UploadTests" time="26.283">
    <system-out><![CDATA[UPLOAD-008 Output - File ID: 0.0 b / 2.1 MiB [-------------------------| 00:00 ] 0.00 b/s
&amp#27;[1A&amp#27;[J0.0 b / 2.1 MiB [-------------------------| 00:00 ] 0.00 b/s
&amp#27;[1A&amp#27;[J0.0 b / 2.1 MiB [-------------------------| 00:00 ] 0.00 b/s
&amp#27;[1A&amp#27;[J0.0 b / 2.1 MiB [-------------------------| 00:00 ] 0.00 b/s
&amp#27;[1A&amp#27;[J0.0 b / 2.1 MiB [-------------------------| 00:00 ] 0.00 b/s
&amp#27;[1A&amp#27;[J0.0 b / 2.1 MiB [-------------------------| 00:00 ] 0.00 b/s
&amp#27;[1A&amp#27;[J0.0 b / 2.1 MiB [-------------------------| 00:00 ] 0.00 b/s
&amp#27;[1A&amp#27;[J0.0 b / 2.1 MiB [-------------------------| 00:00 ] 0.00 b/s
&amp#27;[1A&amp#27;[J0.0 b / 2.1 MiB [-------------------------| 00:00 ] 0.00 b/s
&amp#27;[1A&amp#27;[J0.0 b / 2.1 MiB [-------------------------| 00:00 ] 0.00 b/s
&amp#27;[1A&amp#27;[J0.0 b / 2.1 MiB [-------------------------| 00:00 ] 0.00 b/s
&amp#27;[1A&amp#27;[J0.0 b / 2.1 MiB [-------------------------| 00:00 ] 0.00 b/s
&amp#27;[1A&amp#27;[J0.0 b / 2.1 MiB [-------------------------| 00:00 ] 0.00 b/s
&amp#27;[1A&amp#27;[J96.0 KiB / 2.1 MiB [>------------------| 00:00 ] 38.03 KiB/s
&amp#27;[1A&amp#27;[J96.0 KiB / 2.1 MiB [>------------------| 00:00 ] 35.37 KiB/s
&amp#27;[1A&amp#27;[J128.0 KiB / 2.1 MiB [>-----------------| 00:00 ] 44.26 KiB/s
&amp#27;[1A&amp#27;[J128.0 KiB / 2.1 MiB [>-----------------| 00:00 ] 41.70 KiB/s
&amp#27;[1A&amp#27;[J160.0 KiB / 2.1 MiB [>-----------------| 00:00 ] 49.29 KiB/s
&amp#27;[1A&amp#27;[J160.0 KiB / 2.1 MiB [>-----------------| 00:00 ] 46.64 KiB/s
&amp#27;[1A&amp#27;[J192.0 KiB / 2.1 MiB [=>----------------| 00:00 ] 53.23 KiB/s
&amp#27;[1A&amp#27;[J224.0 KiB / 2.1 MiB [=>----------------| 00:00 ] 59.12 KiB/s
&amp#27;[1A&amp#27;[J384.0 KiB / 2.1 MiB [==>---------------| 00:20 ] 96.94 KiB/s
&amp#27;[1A&amp#27;[J416.0 KiB / 2.1 MiB [==>--------------| 00:20 ] 100.17 KiB/s
&amp#27;[1A&amp#27;[J416.0 KiB / 2.1 MiB [===>--------------| 00:20 ] 96.06 KiB/s
&amp#27;[1A&amp#27;[J448.0 KiB / 2.1 MiB [===>--------------| 00:20 ] 99.35 KiB/s
&amp#27;[1A&amp#27;[J480.0 KiB / 2.1 MiB [===>-------------| 00:19 ] 102.48 KiB/s
&amp#27;[1A&amp#27;[J480.0 KiB / 2.1 MiB [===>--------------| 00:19 ] 98.45 KiB/s
&amp#27;[1A&amp#27;[J512.0 KiB / 2.1 MiB [===>-------------| 00:19 ] 101.32 KiB/s
&amp#27;[1A&amp#27;[J544.0 KiB / 2.1 MiB [===>-------------| 00:18 ] 104.02 KiB/s
&amp#27;[1A&amp#27;[J544.0 KiB / 2.1 MiB [===>-------------| 00:18 ] 100.61 KiB/s
&amp#27;[1A&amp#27;[J576.0 KiB / 2.1 MiB [====>------------| 00:18 ] 103.09 KiB/s
&amp#27;[1A&amp#27;[J608.0 KiB / 2.1 MiB [====>------------| 00:18 ] 105.48 KiB/s
&amp#27;[1A&amp#27;[J640.0 KiB / 2.1 MiB [====>------------| 00:17 ] 107.55 KiB/s
&amp#27;[1A&amp#27;[J672.0 KiB / 2.1 MiB [====>------------| 00:17 ] 109.59 KiB/s
&amp#27;[1A&amp#27;[J672.0 KiB / 2.1 MiB [====>------------| 00:17 ] 106.43 KiB/s
&amp#27;[1A&amp#27;[J704.0 KiB / 2.1 MiB [=====>-----------| 00:16 ] 108.39 KiB/s
&amp#27;[1A&amp#27;[J736.0 KiB / 2.1 MiB [=====>-----------| 00:16 ] 110.32 KiB/s
&amp#27;[1A&amp#27;[J736.0 KiB / 2.1 MiB [=====>-----------| 00:16 ] 107.47 KiB/s
&amp#27;[1A&amp#27;[J768.0 KiB / 2.1 MiB [=====>-----------| 00:16 ] 109.32 KiB/s
&amp#27;[1A&amp#27;[J800.0 KiB / 2.1 MiB [=====>-----------| 00:15 ] 110.96 KiB/s
&amp#27;[1A&amp#27;[J800.0 KiB / 2.1 MiB [=====>-----------| 00:15 ] 108.38 KiB/s
&amp#27;[1A&amp#27;[J832.0 KiB / 2.1 MiB [======>----------| 00:15 ] 109.98 KiB/s
&amp#27;[1A&amp#27;[J864.0 KiB / 2.1 MiB [======>----------| 00:14 ] 111.50 KiB/s
&amp#27;[1A&amp#27;[J896.0 KiB / 2.1 MiB [======>----------| 00:14 ] 112.96 KiB/s
&amp#27;[1A&amp#27;[J928.0 KiB / 2.1 MiB [======>----------| 00:14 ] 114.56 KiB/s
&amp#27;[1A&amp#27;[J928.0 KiB / 2.1 MiB [======>----------| 00:14 ] 112.02 KiB/s
&amp#27;[1A&amp#27;[J960.0 KiB / 2.1 MiB [=======>---------| 00:13 ] 113.44 KiB/s
&amp#27;[1A&amp#27;[J992.0 KiB / 2.1 MiB [=======>---------| 00:13 ] 114.79 KiB/s
&amp#27;[1A&amp#27;[J1.0 MiB / 2.1 MiB [========>----------| 00:12 ] 116.01 KiB/s
&amp#27;[1A&amp#27;[J1.0 MiB / 2.1 MiB [========>----------| 00:12 ] 113.59 KiB/s
&amp#27;[1A&amp#27;[J1.0 MiB / 2.1 MiB [========>----------| 00:12 ] 115.01 KiB/s
&amp#27;[1A&amp#27;[J1.1 MiB / 2.1 MiB [=========>---------| 00:12 ] 116.20 KiB/s
&amp#27;[1A&amp#27;[J1.1 MiB / 2.1 MiB [=========>---------| 00:11 ] 117.29 KiB/s
&amp#27;[1A&amp#27;[J1.1 MiB / 2.1 MiB [=========>---------| 00:11 ] 115.11 KiB/s
&amp#27;[1A&amp#27;[J1.1 MiB / 2.1 MiB [=========>---------| 00:11 ] 116.27 KiB/s
&amp#27;[1A&amp#27;[J1.2 MiB / 2.1 MiB [==========>--------| 00:11 ] 117.34 KiB/s
&amp#27;[1A&amp#27;[J1.2 MiB / 2.1 MiB [==========>--------| 00:10 ] 118.50 KiB/s
&amp#27;[1A&amp#27;[J1.2 MiB / 2.1 MiB [==========>--------| 00:10 ] 116.46 KiB/s
&amp#27;[1A&amp#27;[J1.2 MiB / 2.1 MiB [==========>--------| 00:10 ] 117.45 KiB/s
&amp#27;[1A&amp#27;[J1.2 MiB / 2.1 MiB [==========>--------| 00:09 ] 118.51 KiB/s
&amp#27;[1A&amp#27;[J1.3 MiB / 2.1 MiB [===========>-------| 00:09 ] 119.45 KiB/s
&amp#27;[1A&amp#27;[J1.3 MiB / 2.1 MiB [===========>-------| 00:09 ] 117.46 KiB/s
&amp#27;[1A&amp#27;[J1.3 MiB / 2.1 MiB [===========>-------| 00:09 ] 118.51 KiB/s
&amp#27;[1A&amp#27;[J1.3 MiB / 2.1 MiB [===========>-------| 00:08 ] 119.42 KiB/s
&amp#27;[1A&amp#27;[J1.3 MiB / 2.1 MiB [===========>-------| 00:08 ] 117.48 KiB/s
&amp#27;[1A&amp#27;[J1.3 MiB / 2.1 MiB [===========>-------| 00:08 ] 115.79 KiB/s
&amp#27;[1A&amp#27;[J1.4 MiB / 2.1 MiB [============>------| 00:08 ] 116.67 KiB/s
&amp#27;[1A&amp#27;[J1.4 MiB / 2.1 MiB [============>------| 00:07 ] 117.64 KiB/s
&amp#27;[1A&amp#27;[J1.4 MiB / 2.1 MiB [============>------| 00:07 ] 115.86 KiB/s
&amp#27;[1A&amp#27;[J1.4 MiB / 2.1 MiB [============>------| 00:07 ] 116.71 KiB/s
&amp#27;[1A&amp#27;[J1.5 MiB / 2.1 MiB [=============>-----| 00:07 ] 117.63 KiB/s
&amp#27;[1A&amp#27;[J1.5 MiB / 2.1 MiB [=============>-----| 00:07 ] 115.92 KiB/s
&amp#27;[1A&amp#27;[J1.5 MiB / 2.1 MiB [=============>-----| 00:06 ] 116.85 KiB/s
&amp#27;[1A&amp#27;[J1.5 MiB / 2.1 MiB [=============>-----| 00:06 ] 117.69 KiB/s
&amp#27;[1A&amp#27;[J1.5 MiB / 2.1 MiB [=============>-----| 00:06 ] 116.10 KiB/s
&amp#27;[1A&amp#27;[J1.6 MiB / 2.1 MiB [=============>-----| 00:06 ] 116.96 KiB/s
&amp#27;[1A&amp#27;[J1.6 MiB / 2.1 MiB [==============>----| 00:05 ] 117.69 KiB/s
&amp#27;[1A&amp#27;[J1.6 MiB / 2.1 MiB [==============>----| 00:05 ] 116.14 KiB/s
&amp#27;[1A&amp#27;[J1.6 MiB / 2.1 MiB [==============>----| 00:05 ] 116.99 KiB/s
&amp#27;[1A&amp#27;[J1.7 MiB / 2.1 MiB [==============>----| 00:04 ] 117.71 KiB/s
&amp#27;[1A&amp#27;[J1.7 MiB / 2.1 MiB [===============>---| 00:04 ] 118.42 KiB/s
&amp#27;[1A&amp#27;[J1.7 MiB / 2.1 MiB [===============>---| 00:04 ] 117.05 KiB/s
&amp#27;[1A&amp#27;[J1.7 MiB / 2.1 MiB [===============>---| 00:04 ] 117.75 KiB/s
&amp#27;[1A&amp#27;[J1.8 MiB / 2.1 MiB [===============>---| 00:03 ] 118.41 KiB/s
&amp#27;[1A&amp#27;[J1.8 MiB / 2.1 MiB [===============>---| 00:03 ] 119.17 KiB/s
&amp#27;[1A&amp#27;[J1.8 MiB / 2.1 MiB [===============>---| 00:03 ] 117.72 KiB/s
&amp#27;[1A&amp#27;[J1.8 MiB / 2.1 MiB [================>--| 00:03 ] 118.46 KiB/s
&amp#27;[1A&amp#27;[J1.8 MiB / 2.1 MiB [================>--| 00:02 ] 119.09 KiB/s
&amp#27;[1A&amp#27;[J1.9 MiB / 2.1 MiB [================>--| 00:02 ] 119.82 KiB/s
&amp#27;[1A&amp#27;[J1.9 MiB / 2.1 MiB [=================>-| 00:01 ] 120.41 KiB/s
&amp#27;[1A&amp#27;[J1.9 MiB / 2.1 MiB [=================>-| 00:01 ] 121.12 KiB/s
&amp#27;[1A&amp#27;[J1.9 MiB / 2.1 MiB [=================>-| 00:01 ] 119.75 KiB/s
&amp#27;[1A&amp#27;[J2.0 MiB / 2.1 MiB [=================>-| 00:01 ] 120.33 KiB/s
&amp#27;[1A&amp#27;[J2.0 MiB / 2.1 MiB [=================>-| 00:00 ] 120.99 KiB/s
&amp#27;[1A&amp#27;[J2.0 MiB / 2.1 MiB [=================>-| 00:00 ] 119.68 KiB/s
&amp#27;[1A&amp#27;[J2.0 MiB / 2.1 MiB [===================| 00:00 ] 120.34 KiB/s
&amp#27;[1A&amp#27;[J2.1 MiB / 2.1 MiB [===================| 00:00 ] 120.88 KiB/s
&amp#27;[1A&amp#27;[J2.1 MiB / 2.1 MiB [===================| 00:00 ] 119.72 KiB/s
&amp#27;[1A&amp#27;[J2.1 MiB / 2.1 MiB [===================| 00:00 ] 118.46 KiB/s
&amp#27;[1A&amp#27;[J2.1 MiB / 2.1 MiB [===================| 00:00 ] 117.24 KiB/s
&amp#27;[1A&amp#27;[J2.1 MiB / 2.1 MiB [===================| 00:00 ] 116.13 KiB/s
&amp#27;[1A&amp#27;[J2.1 MiB / 2.1 MiB [===================| 00:00 ] 114.94 KiB/s
&amp#27;[1A&amp#27;[J2.1 MiB / 2.1 MiB [===================| 00:00 ] 113.85 KiB/s
&amp#27;[1A&amp#27;[J2.1 MiB / 2.1 MiB [===================| 00:00 ] 112.76 KiB/s
&amp#27;[1A&amp#27;[J2.1 MiB / 2.1 MiB [===================| 00:00 ] 111.71 KiB/s
&amp#27;[1A&amp#27;[J2.1 MiB / 2.1 MiB [===================| 00:00 ] 110.69 KiB/s
&amp#27;[1A&amp#27;[J2.1 MiB / 2.1 MiB [===================| 00:00 ] 109.65 KiB/s
&amp#27;[1A&amp#27;[J2.1 MiB / 2.1 MiB [===================| 00:00 ] 109.23 KiB/s
&amp#27;[1A&amp#27;[J2.1 MiB / 2.1 MiB [===================| 00:00 ] 109.23 KiB/s
&amp#27;[1A&amp#27;[J2.1 MiB / 2.1 MiB [===================| 00:00 ] 109.23 KiB/s
&amp#27;[1A&amp#27;[J2.1 MiB / 2.1 MiB [===================| 00:00 ] 109.23 KiB/s
&amp#27;[1A&amp#27;[J2.1 MiB / 2.1 MiB [===================| 00:00 ] 109.23 KiB/s
&amp#27;[1A&amp#27;[J2.1 MiB / 2.1 MiB [===================| 00:00 ] 109.23 KiB/s
&amp#27;[1A&amp#27;[J2.1 MiB / 2.1 MiB [===================| 00:00 ] 109.23 KiB/s
&amp#27;[1A&amp#27;[J2.1 MiB / 2.1 MiB [===================| 00:00 ] 109.23 KiB/s
&amp#27;[1A&amp#27;[J2.1 MiB / 2.1 MiB [===================| 00:00 ] 109.23 KiB/s
&amp#27;[1A&amp#27;[J2.1 MiB / 2.1 MiB [===================| 00:00 ] 109.23 KiB/s
&amp#27;[1A&amp#27;[J2.1 MiB / 2.1 MiB [===================| 00:00 ] 109.23 KiB/s
&amp#27;[1A&amp#27;[J2.1 MiB / 2.1 MiB [===================| 00:00 ] 109.23 KiB/s
&amp#27;[1A&amp#27;[J2.1 MiB / 2.1 MiB [===================| 00:00 ] 109.23 KiB/s
&amp#27;[1A&amp#27;[J2.1 MiB / 2.1 MiB [===================| 00:00 ] 109.23 KiB/s
&amp#27;[1A&amp#27;[J2.1 MiB / 2.1 MiB [===================| 00:00 ] 109.23 KiB/s
&amp#27;[1A&amp#27;[J2.1 MiB / 2.1 MiB [===================| 00:00 ] 109.23 KiB/s
&amp#27;[1A&amp#27;[J2.1 MiB / 2.1 MiB [===================| 00:00 ] 109.23 KiB/s
&amp#27;[1A&amp#27;[J2.1 MiB / 2.1 MiB [===================| 00:00 ] 109.23 KiB/s
&amp#27;[1A&amp#27;[J2.1 MiB / 2.1 MiB [===================| 00:00 ] 109.23 KiB/s
&amp#27;[1A&amp#27;[J2.1 MiB / 2.1 MiB [===================| 00:00 ] 109.23 KiB/s
&amp#27;[1A&amp#27;[J2.1 MiB / 2.1 MiB [===================| 00:00 ] 109.23 KiB/s
&amp#27;[1A&amp#27;[J2.1 MiB / 2.1 MiB [===================| 00:00 ] 109.23 KiB/s
&amp#27;[1A&amp#27;[J2.1 MiB / 2.1 MiB [===================| 00:00 ] 109.23 KiB/s
&amp#27;[1A&amp#27;[J2.1 MiB / 2.1 MiB [===================| 00:00 ] 109.23 KiB/s
&amp#27;[1A&amp#27;[J2.1 MiB / 2.1 MiB [===================| 00:00 ] 109.23 KiB/s
&amp#27;[1A&amp#27;[J2.1 MiB / 2.1 MiB [===================| 00:00 ] 109.23 KiB/s
&amp#27;[1A&amp#27;[J2.1 MiB / 2.1 MiB [===================| 00:00 ] 109.23 KiB/s
&amp#27;[1A&amp#27;[J2.1 MiB / 2.1 MiB [===================| 00:00 ] 109.23 KiB/s
&amp#27;[1A&amp#27;[J2.1 MiB / 2.1 MiB [===================| 00:00 ] 109.23 KiB/s
&amp#27;[1A&amp#27;[J2.1 MiB / 2.1 MiB [===================| 00:00 ] 109.23 KiB/s
&amp#27;[1A&amp#27;[J2.1 MiB / 2.1 MiB [===================| 00:00 ] 109.23 KiB/s
&amp#27;[1A&amp#27;[J2.1 MiB / 2.1 MiB [===================| 00:00 ] 109.23 KiB/s
&amp#27;[1A&amp#27;[J2.1 MiB / 2.1 MiB [===================| 00:00 ] 109.23 KiB/s
&amp#27;[1A&amp#27;[J2.1 MiB / 2.1 MiB [===================| 00:00 ] 109.23 KiB/s
&amp#27;[1A&amp#27;[J2.1 MiB / 2.1 MiB [===================| 00:00 ] 109.23 KiB/s
&amp#27;[1A&amp#27;[J2.1 MiB / 2.1 MiB [===================| 00:00 ] 109.23 KiB/s
&amp#27;[1A&amp#27;[J2.1 MiB / 2.1 MiB [===================| 00:00 ] 109.23 KiB/s
&amp#27;[1A&amp#27;[J2.1 MiB / 2.1 MiB [===================| 00:00 ] 109.23 KiB/s
&amp#27;[1A&amp#27;[J2.1 MiB / 2.1 MiB [===================| 00:00 ] 109.23 KiB/s
&amp#27;[1A&amp#27;[J2.1 MiB / 2.1 MiB [===================| 00:00 ] 109.23 KiB/s
64
]]></system-out>
  </testcase>
  <testcase name="testNonExistentFileUpload" classname="com.appknox.tests.upload.UploadTests" time="0.138">
    <system-out><![CDATA[UPLOAD-003 Output: Error: open C:/non-existent-file.apk: The system cannot find the file specified.
Usage:
  appknox upload [flags]

Flags:
  -h, --help   help for upload

Global Flags:
  -a, --access-token string   Appknox Access Token
      --host string           Appknox Server
  -k, --insecure              Disable Security Checks
      --pac string            pac file path or url
      --proxy string          proxy url
      --region string         Region names, e.g., global, saudi, uae. By default, global is used
]]></system-out>
  </testcase>
  <testcase name="testInvalidFileTypeUpload" classname="com.appknox.tests.upload.UploadTests" time="8.551">
    <system-out><![CDATA[UPLOAD-007 Output: 0.0 b / 759.0 b [-------------------------| 00:00 ] 0.00 b/s
&amp#27;[1A&amp#27;[J0.0 b / 759.0 b [-------------------------| 00:00 ] 0.00 b/s
&amp#27;[1A&amp#27;[J0.0 b / 759.0 b [-------------------------| 00:00 ] 0.00 b/s
&amp#27;[1A&amp#27;[J0.0 b / 759.0 b [-------------------------| 00:00 ] 0.00 b/s
&amp#27;[1A&amp#27;[J0.0 b / 759.0 b [-------------------------| 00:00 ] 0.00 b/s
&amp#27;[1A&amp#27;[J0.0 b / 759.0 b [-------------------------| 00:00 ] 0.00 b/s
&amp#27;[1A&amp#27;[J0.0 b / 759.0 b [-------------------------| 00:00 ] 0.00 b/s
&amp#27;[1A&amp#27;[J0.0 b / 759.0 b [-------------------------| 00:00 ] 0.00 b/s
&amp#27;[1A&amp#27;[J0.0 b / 759.0 b [-------------------------| 00:00 ] 0.00 b/s
&amp#27;[1A&amp#27;[J0.0 b / 759.0 b [-------------------------| 00:00 ] 0.00 b/s
&amp#27;[1A&amp#27;[J0.0 b / 759.0 b [-------------------------| 00:00 ] 0.00 b/s
&amp#27;[1A&amp#27;[J0.0 b / 759.0 b [-------------------------| 00:00 ] 0.00 b/s
&amp#27;[1A&amp#27;[J0.0 b / 759.0 b [-------------------------| 00:00 ] 0.00 b/s
&amp#27;[1A&amp#27;[J759.0 b / 759.0 b [=====================| 00:00 ] 320.00 b/s
&amp#27;[1A&amp#27;[J759.0 b / 759.0 b [=====================| 00:00 ] 320.00 b/s
&amp#27;[1A&amp#27;[J759.0 b / 759.0 b [=====================| 00:00 ] 320.00 b/s
&amp#27;[1A&amp#27;[J759.0 b / 759.0 b [=====================| 00:00 ] 320.00 b/s
&amp#27;[1A&amp#27;[J759.0 b / 759.0 b [=====================| 00:00 ] 320.00 b/s
&amp#27;[1A&amp#27;[J759.0 b / 759.0 b [=====================| 00:00 ] 320.00 b/s
&amp#27;[1A&amp#27;[J759.0 b / 759.0 b [=====================| 00:00 ] 320.00 b/s
&amp#27;[1A&amp#27;[J759.0 b / 759.0 b [=====================| 00:00 ] 320.00 b/s
&amp#27;[1A&amp#27;[J759.0 b / 759.0 b [=====================| 00:00 ] 320.00 b/s
&amp#27;[1A&amp#27;[J759.0 b / 759.0 b [=====================| 00:00 ] 320.00 b/s
&amp#27;[1A&amp#27;[J759.0 b / 759.0 b [=====================| 00:00 ] 320.00 b/s
&amp#27;[1A&amp#27;[J759.0 b / 759.0 b [=====================| 00:00 ] 320.00 b/s
&amp#27;[1A&amp#27;[J759.0 b / 759.0 b [=====================| 00:00 ] 320.00 b/s
&amp#27;[1A&amp#27;[J759.0 b / 759.0 b [=====================| 00:00 ] 320.00 b/s
&amp#27;[1A&amp#27;[J759.0 b / 759.0 b [=====================| 00:00 ] 320.00 b/s
&amp#27;[1A&amp#27;[J759.0 b / 759.0 b [=====================| 00:00 ] 320.00 b/s
&amp#27;[1A&amp#27;[J759.0 b / 759.0 b [=====================| 00:00 ] 320.00 b/s
&amp#27;[1A&amp#27;[J759.0 b / 759.0 b [=====================| 00:00 ] 320.00 b/s
&amp#27;[1A&amp#27;[J759.0 b / 759.0 b [=====================| 00:00 ] 320.00 b/s
&amp#27;[1A&amp#27;[J759.0 b / 759.0 b [=====================| 00:00 ] 320.00 b/s
&amp#27;[1A&amp#27;[J759.0 b / 759.0 b [=====================| 00:00 ] 320.00 b/s
&amp#27;[1A&amp#27;[J759.0 b / 759.0 b [=====================| 00:00 ] 320.00 b/s
&amp#27;[1A&amp#27;[J759.0 b / 759.0 b [=====================| 00:00 ] 320.00 b/s
&amp#27;[1A&amp#27;[J759.0 b / 759.0 b [=====================| 00:00 ] 320.00 b/s
&amp#27;[1A&amp#27;[J759.0 b / 759.0 b [=====================| 00:00 ] 320.00 b/s
&amp#27;[1A&amp#27;[J759.0 b / 759.0 b [=====================| 00:00 ] 320.00 b/s
&amp#27;[1A&amp#27;[J759.0 b / 759.0 b [=====================| 00:00 ] 320.00 b/s
&amp#27;[1A&amp#27;[J759.0 b / 759.0 b [=====================| 00:00 ] 320.00 b/s
&amp#27;[1A&amp#27;[J759.0 b / 759.0 b [=====================| 00:00 ] 320.00 b/s
&amp#27;[1A&amp#27;[J759.0 b / 759.0 b [=====================| 00:00 ] 320.00 b/s
&amp#27;[1A&amp#27;[J759.0 b / 759.0 b [=====================| 00:00 ] 320.00 b/s
&amp#27;[1A&amp#27;[J759.0 b / 759.0 b [=====================| 00:00 ] 320.00 b/s
&amp#27;[1A&amp#27;[J759.0 b / 759.0 b [=====================| 00:00 ] 320.00 b/s
&amp#27;[1A&amp#27;[J759.0 b / 759.0 b [=====================| 00:00 ] 320.00 b/s
&amp#27;[1A&amp#27;[J759.0 b / 759.0 b [=====================| 00:00 ] 320.00 b/s
&amp#27;[1A&amp#27;[J759.0 b / 759.0 b [=====================| 00:00 ] 320.00 b/s
The app you are trying to scan is not a valid mobile application
]]></system-out>
  </testcase>
  <testcase name="testUploadWithoutFilePath" classname="com.appknox.tests.upload.UploadTests" time="0.116">
    <system-out><![CDATA[UPLOAD-005 Output: Error: file path is required
Usage:
  appknox upload [flags]

Flags:
  -h, --help   help for upload

Global Flags:
  -a, --access-token string   Appknox Access Token
      --host string           Appknox Server
  -k, --insecure              Disable Security Checks
      --pac string            pac file path or url
      --proxy string          proxy url
      --region string         Region names, e.g., global, saudi, uae. By default, global is used
]]></system-out>
  </testcase>
</testsuite>