<?xml version="1.0" encoding="UTF-8"?>
<testsuite xmlns:xsi="http://www.w3.org/2001/XMLSchema-instance" xsi:noNamespaceSchemaLocation="https://maven.apache.org/surefire/maven-surefire-plugin/xsd/surefire-test-report-3.0.xsd" version="3.0" name="com.appknox.tests.cicheck.CICheckTests" time="46.582" tests="5" errors="0" skipped="0" failures="0">
  <properties>
[...]
</properties>
  <testcase name="testCICheckWithLowRiskThreshold" classname="com.appknox.tests.cicheck.CICheckTests" time="22.621"/>
  <testcase name="testCICheckWithCriticalRiskThreshold" classname="com.appknox.tests.cicheck.CICheckTests" time="7.472">
    <system-out><![CDATA[Extracted Risks: [Critical, Critical]
Validation passed: Only Critical vulnerabilities are displayed.
=== CLI Raw Output ===
Starting scan at: 2025-11-14T18:08:19+05:30 with timeout of 30m0s
Static Scan Progress:  0 % [----------------------------| ] 
&amp#27;[1A&amp#27;[JStatic Scan Progress:  0 % [----------------------------| ] 
&amp#27;[1A&amp#27;[JStatic Scan Progress:  0 % [----------------------------| ] 
&amp#27;[1A&amp#27;[JStatic Scan Progress:  0 % [----------------------------| ] 
&amp#27;[1A&amp#27;[JStatic Scan Progress:  0 % [----------------------------| ] 
&amp#27;[1A&amp#27;[JStatic Scan Progress:  0 % [----------------------------| ] 
&amp#27;[1A&amp#27;[JStatic Scan Progress:  100 % [==========================| ] 
&amp#27;[1A&amp#27;[JStatic Scan Progress:  100 % [==========================| ] 
&amp#27;[1A&amp#27;[JStatic Scan Progress:  100 % [==========================| ] 
&amp#27;[1A&amp#27;[JStatic Scan Progress:  100 % [==========================| ] 
&amp#27;[1A&amp#27;[JStatic Scan Progress:  100 % [==========================| ] 
&amp#27;[1A&amp#27;[JStatic Scan Progress:  100 % [==========================| ] 
&amp#27;[1A&amp#27;[JStatic Scan Progress:  100 % [==========================| ] 
&amp#27;[1A&amp#27;[JStatic Scan Progress:  100 % [==========================| ] 
&amp#27;[1A&amp#27;[JStatic Scan Progress:  100 % [==========================| ] 
&amp#27;[1A&amp#27;[JStatic Scan Progress:  100 % [==========================| ] 
&amp#27;[1A&amp#27;[JStatic Scan Progress:  100 % [==========================| ] 
&amp#27;[1A&amp#27;[JStatic Scan Progress:  100 % [==========================| ] 
&amp#27;[1A&amp#27;[JStatic Scan Progress:  100 % [==========================| ] 
&amp#27;[1A&amp#27;[JStatic Scan Progress:  100 % [==========================| ] 
&amp#27;[1A&amp#27;[JStatic Scan Progress:  100 % [==========================| ] 
&amp#27;[1A&amp#27;[JStatic Scan Progress:  100 % [==========================| ] 
&amp#27;[1A&amp#27;[JStatic Scan Progress:  100 % [==========================| ] 
&amp#27;[1A&amp#27;[JStatic Scan Progress:  100 % [==========================| ] 
&amp#27;[1A&amp#27;[JStatic Scan Progress:  100 % [==========================| ] 
&amp#27;[1A&amp#27;[JStatic Scan Progress:  100 % [==========================| ] 
&amp#27;[1A&amp#27;[JStatic Scan Progress:  100 % [==========================| ] 
&amp#27;[1A&amp#27;[JStatic Scan Progress:  100 % [==========================| ] 
&amp#27;[1A&amp#27;[JStatic Scan Progress:  100 % [==========================| ] 
&amp#27;[1A&amp#27;[JStatic Scan Progress:  100 % [==========================| ] 
&amp#27;[1A&amp#27;[JStatic Scan Progress:  100 % [==========================| ] 
&amp#27;[1A&amp#27;[JStatic Scan Progress:  100 % [==========================| ] 
&amp#27;[1A&amp#27;[JStatic Scan Progress:  100 % [==========================| ] 
&amp#27;[1A&amp#27;[JStatic Scan Progress:  100 % [==========================| ] 
&amp#27;[1A&amp#27;[JStatic Scan Progress:  100 % [==========================| ] 
&amp#27;[1A&amp#27;[JStatic Scan Progress:  100 % [==========================| ] 
&amp#27;[1A&amp#27;[JStatic Scan Progress:  100 % [==========================| ] 
&amp#27;[1A&amp#27;[JStatic Scan Progress:  100 % [==========================| ] 
&amp#27;[1A&amp#27;[JStatic Scan Progress:  100 % [==========================| ] 
&amp#27;[1A&amp#27;[JStatic Scan Progress:  100 % [==========================| ] 
&amp#27;[1A&amp#27;[JStatic Scan Progress:  100 % [==========================| ] 
&amp#27;[1A&amp#27;[JStatic Scan Progress:  100 % [==========================| ] 
Found 1 vulnerabilities with risk >= Critical

ANALYSIS-ID  RISK      CVSS-VECTOR                                   CVSS-BASE  VULNERABILITY-ID  VULNERABILITY-NAME
-----------  ----      -----------                                   ---------  ----------------  ------------------
5709         Critical  CVSS:3.0/AV:N/AC:L/PR:N/UI:N/S:U/C:H/I:H/A:N  9.1        113               Network Security Misconfiguration

Check file ID 57 on appknox dashboard for more details.
]]></system-out>
  </testcase>
  <testcase name="testCICheckWithMediumRiskThreshold" classname="com.appknox.tests.cicheck.CICheckTests" time="9.002">
    <system-out><![CDATA[=== CLI Raw Output ===
Starting scan at: 2025-11-14T18:08:26+05:30 with timeout of 30m0s
Static Scan Progress:  0 % [----------------------------| ] 
&amp#27;[1A&amp#27;[JStatic Scan Progress:  0 % [----------------------------| ] 
&amp#27;[1A&amp#27;[JStatic Scan Progress:  0 % [----------------------------| ] 
&amp#27;[1A&amp#27;[JStatic Scan Progress:  100 % [==========================| ] 
&amp#27;[1A&amp#27;[JStatic Scan Progress:  100 % [==========================| ] 
&amp#27;[1A&amp#27;[JStatic Scan Progress:  100 % [==========================| ] 
&amp#27;[1A&amp#27;[JStatic Scan Progress:  100 % [==========================| ] 
&amp#27;[1A&amp#27;[JStatic Scan Progress:  100 % [==========================| ] 
&amp#27;[1A&amp#27;[JStatic Scan Progress:  100 % [==========================| ] 
&amp#27;[1A&amp#27;[JStatic Scan Progress:  100 % [==========================| ] 
&amp#27;[1A&amp#27;[JStatic Scan Progress:  100 % [==========================| ] 
&amp#27;[1A&amp#27;[JStatic Scan Progress:  100 % [==========================| ] 
&amp#27;[1A&amp#27;[JStatic Scan Progress:  100 % [==========================| ] 
&amp#27;[1A&amp#27;[JStatic Scan Progress:  100 % [==========================| ] 
&amp#27;[1A&amp#27;[JStatic Scan Progress:  100 % [==========================| ] 
&amp#27;[1A&amp#27;[JStatic Scan Progress:  100 % [==========================| ] 
&amp#27;[1A&amp#27;[JStatic Scan Progress:  100 % [==========================| ] 
&amp#27;[1A&amp#27;[JStatic Scan Progress:  100 % [==========================| ] 
&amp#27;[1A&amp#27;[JStatic Scan Progress:  100 % [==========================| ] 
&amp#27;[1A&amp#27;[JStatic Scan Progress:  100 % [==========================| ] 
&amp#27;[1A&amp#27;[JStatic Scan Progress:  100 % [==========================| ] 
&amp#27;[1A&amp#27;[JStatic Scan Progress:  100 % [==========================| ] 
&amp#27;[1A&amp#27;[JStatic Scan Progress:  100 % [==========================| ] 
&amp#27;[1A&amp#27;[JStatic Scan Progress:  100 % [==========================| ] 
&amp#27;[1A&amp#27;[JStatic Scan Progress:  100 % [==========================| ] 
&amp#27;[1A&amp#27;[JStatic Scan Progress:  100 % [==========================| ] 
&amp#27;[1A&amp#27;[JStatic Scan Progress:  100 % [==========================| ] 
&amp#27;[1A&amp#27;[JStatic Scan Progress:  100 % [==========================| ] 
&amp#27;[1A&amp#27;[JStatic Scan Progress:  100 % [==========================| ] 
&amp#27;[1A&amp#27;[JStatic Scan Progress:  100 % [==========================| ] 
&amp#27;[1A&amp#27;[JStatic Scan Progress:  100 % [==========================| ] 
&amp#27;[1A&amp#27;[JStatic Scan Progress:  100 % [==========================| ] 
&amp#27;[1A&amp#27;[JStatic Scan Progress:  100 % [==========================| ] 
&amp#27;[1A&amp#27;[JStatic Scan Progress:  100 % [==========================| ] 
&amp#27;[1A&amp#27;[JStatic Scan Progress:  100 % [==========================| ] 
&amp#27;[1A&amp#27;[JStatic Scan Progress:  100 % [==========================| ] 
&amp#27;[1A&amp#27;[JStatic Scan Progress:  100 % [==========================| ] 
&amp#27;[1A&amp#27;[JStatic Scan Progress:  100 % [==========================| ] 
&amp#27;[1A&amp#27;[JStatic Scan Progress:  100 % [==========================| ] 
&amp#27;[1A&amp#27;[JStatic Scan Progress:  100 % [==========================| ] 
&amp#27;[1A&amp#27;[JStatic Scan Progress:  100 % [==========================| ] 
&amp#27;[1A&amp#27;[JStatic Scan Progress:  100 % [==========================| ] 
&amp#27;[1A&amp#27;[JStatic Scan Progress:  100 % [==========================| ] 
&amp#27;[1A&amp#27;[JStatic Scan Progress:  100 % [==========================| ] 
&amp#27;[1A&amp#27;[JStatic Scan Progress:  100 % [==========================| ] 
&amp#27;[1A&amp#27;[JStatic Scan Progress:  100 % [==========================| ] 
&amp#27;[1A&amp#27;[JStatic Scan Progress:  100 % [==========================| ] 
&amp#27;[1A&amp#27;[JStatic Scan Progress:  100 % [==========================| ] 
&amp#27;[1A&amp#27;[JStatic Scan Progress:  100 % [==========================| ] 
&amp#27;[1A&amp#27;[JStatic Scan Progress:  100 % [==========================| ] 
&amp#27;[1A&amp#27;[JStatic Scan Progress:  100 % [==========================| ] 
Found 13 vulnerabilities with risk >= Medium

ANALYSIS-ID  RISK      CVSS-VECTOR                                   CVSS-BASE  VULNERABILITY-ID  VULNERABILITY-NAME
-----------  ----      -----------                                   ---------  ----------------  ------------------
5630         High      CVSS:3.0/AV:L/AC:L/PR:L/UI:N/S:U/C:H/I:H/A:L  7.3        2                 Improper Content Provider Permissions
5631         High      CVSS:3.0/AV:L/AC:H/PR:N/UI:R/S:C/C:H/I:H/A:H  7.7        3                 Application Debugging
5642         High      CVSS:3.0/AV:N/AC:L/PR:N/UI:N/S:U/C:H/I:L/A:L  8.6        16                Derived Crypto Keys
5643         Medium    CVSS:3.0/AV:L/AC:L/PR:N/UI:N/S:U/C:H/I:N/A:N  6.2        17                Application Logs
5647         High      CVSS:3.0/AV:N/AC:H/PR:N/UI:N/S:U/C:H/I:H/A:H  8.1        37                Connection to External Redis Server
5682         Medium    CVSS:3.0/AV:N/AC:H/PR:N/UI:R/S:U/C:H/I:L/A:N  5.9        83                Disabled SSL CA Validation and Certificate Pinning
5690         Medium    CVSS:3.0/AV:L/AC:L/PR:N/UI:N/S:U/C:H/I:L/A:N  6.8        92                MediaProjection: Android Service Allows Recording of Audio, Screen Activity
5691         Medium    CVSS:3.0/AV:L/AC:L/PR:L/UI:N/S:U/C:L/I:L/A:L  5.3        93                External data in raw SQL queries
5709         Critical  CVSS:3.0/AV:N/AC:L/PR:N/UI:N/S:U/C:H/I:H/A:N  9.1        113               Network Security Misconfiguration
5712         Medium    CVSS:3.1/AV:L/AC:L/PR:H/UI:N/S:U/C:H/I:H/A:H  6.7        117               Janus Vulnerability (CVE-2017-13156)
5713         Medium    CVSS:3.1/AV:L/AC:H/PR:N/UI:R/S:U/C:H/I:L/A:H  6.5        118               StrandHogg Vulnerability
5715         Medium    CVSS:3.1/AV:L/AC:L/PR:L/UI:R/S:U/C:L/I:L/A:L  4.8        121               Android Tapjacking
5717         Medium    CVSS:3.1/AV:P/AC:L/PR:N/UI:N/S:U/C:H/I:H/A:N  6.1        127               Weak PRNG (Pseudorandom number generator)

Check file ID 57 on appknox dashboard for more details.
Extracted Risks: [Medium, High, High, High, Medium, High, Medium, Medium, Medium, Critical, Medium, Medium, Medium, Medium]
Validation passed: Only Medium, High, and Critical risks are displayed.
]]></system-out>
  </testcase>
  <testcase name="testCICheckWithHighRiskThreshold" classname="com.appknox.tests.cicheck.CICheckTests" time="7.37">
    <system-out><![CDATA[Extracted Risks: [High, High, High, High, High, Critical]
✅ Validation passed: Only High and Critical risks are displayed.
]]></system-out>
  </testcase>
  <testcase name="testCICheckWithInvalidRiskThreshold" classname="com.appknox.tests.cicheck.CICheckTests" time="0.1"/>
</testsuite>