<?xml version="1.0" encoding="UTF-8"?>
<testsuite xmlns:xsi="http://www.w3.org/2001/XMLSchema-instance" xsi:noNamespaceSchemaLocation="https://maven.apache.org/surefire/maven-surefire-plugin/xsd/surefire-test-report-3.0.xsd" version="3.0" name="com.appknox.tests.information.InformationTests" time="7.014" tests="5" errors="0" skipped="0" failures="0">
  <properties>
[...]
</properties>
  <testcase name="testFilesListWithoutProjectId" classname="com.appknox.tests.information.InformationTests" time="0.106">
    <system-out><![CDATA[INFO-005 Output:
Error: project id is required
Usage:
  appknox files [flags]

Flags:
  -h, --help                  help for files
      --limit int             Limit results per page
      --offset int            Filter results with page
  -v, --version_code string   Filter files with version code.

Global Flags:
  -a, --access-token string   Appknox Access Token
      --host string           Appknox Server
  -k, --insecure              Disable Security Checks
      --pac string            pac file path or url
      --proxy string          proxy url
      --region string         Region names, e.g., global, saudi, uae. By default, global is used
]]></system-out>
  </testcase>
  <testcase name="testFilesListForValidProject" classname="com.appknox.tests.information.InformationTests" time="5.049">
    <system-out><![CDATA[INFO-003 Output:
ID   NAME  VERSION  VERSION-CODE  DYNAMIC-STATUS  API-SCAN-PROGRESS  IS-STATIC-DONE  IS-DYNAMIC-DONE  STATIC-SCAN-PROGRESS  API-SCAN-STATUS  RATING  IS-MANUAL-DONE  IS-API-DONE  CREATED-ON
--   ----  -------  ------------  --------------  -----------------  --------------  ---------------  --------------------  ---------------  ------  --------------  -----------  ----------
356  MFVA  1.1.1    8             None            0                  true            false            100                   Unknown          21.15   false           false        2025-11-05 10:19:55.980526 +0000 UTC
355  MFVA  1.1.1    8             None            0                  true            false            100                   Unknown          21.15   false           false        2025-11-05 10:19:09.253823 +0000 UTC
354  MFVA  1.1.1    8             None            0                  true            false            100                   Unknown          21.15   false           false        2025-11-05 10:18:21.338372 +0000 UTC
353  MFVA  1.1.1    8             None            0                  true            false            100                   Unknown          21.15   false           false        2025-11-05 10:17:34.621577 +0000 UTC
352  MFVA  1.1.1    8             None            0                  true            false            100                   Unknown          21.15   false           false        2025-11-05 07:31:37.827293 +0000 UTC
351  MFVA  1.1.1    8             None            0                  true            false            100                   Unknown          21.15   false           false        2025-11-05 07:30:50.480772 +0000 UTC
350  MFVA  1.1.1    8             None            0                  true            false            100                   Unknown          21.15   false           false        2025-11-05 07:30:02.583645 +0000 UTC
349  MFVA  1.1.1    8             None            0                  true            false            100                   Unknown          21.15   false           false        2025-11-05 07:29:15.428533 +0000 UTC
348  MFVA  1.1.1    8             None            0                  true            false            100                   Unknown          21.15   false           false        2025-11-04 10:53:34.362145 +0000 UTC
347  MFVA  1.1.1    8             None            0                  true            false            100                   Unknown          21.15   false           false        2025-11-04 10:52:58.165993 +0000 UTC
]]></system-out>
  </testcase>
  <testcase name="testFilesListForInvalidProject" classname="com.appknox.tests.information.InformationTests" time="0.419">
    <system-out><![CDATA[INFO-004 Output:
GET https://sherlock.qa.do.appknox.io/api/projects/999999999/files: 404 No Project matches the given query.
]]></system-out>
  </testcase>
  <testcase name="testOrganizationsList" classname="com.appknox.tests.information.InformationTests" time="0.405">
    <system-out><![CDATA[INFO-001 Output:
ID:              1
Username:        Appknox
ProjectsCount:   57
]]></system-out>
  </testcase>
  <testcase name="testProjectsList" classname="com.appknox.tests.information.InformationTests" time="1.022">
    <system-out><![CDATA[INFO-002 Output:
ID  CREATED-ON                            UPDATED-ON                            PACKAGE-NAME                              PLATFORM  FILE-COUNT
--  ----------                            ----------                            ------------                              --------  ----------
63  2025-10-14 16:26:37.701285 +0000 UTC  2025-11-05 10:19:56.063259 +0000 UTC  com.appknox.mfva                          Andriod   111
1   2025-09-29 07:42:05.461326 +0000 UTC  2025-10-16 13:58:09.555007 +0000 UTC  com.bestbuy.buyphone                      IOS       11
4   2025-09-29 08:40:52.696751 +0000 UTC  2025-10-16 13:56:24.322724 +0000 UTC  com.Plintron-Cpos-app                     IOS       4
65  2025-10-16 11:35:58.482569 +0000 UTC  2025-10-16 13:16:28.351485 +0000 UTC  com.duolingo.DuolingoMobile               IOS       11
16  2025-10-06 09:45:04.252754 +0000 UTC  2025-10-16 13:14:55.257333 +0000 UTC  com.ubercab.UberClient                    IOS       15
14  2025-10-06 08:28:20.480117 +0000 UTC  2025-10-16 13:13:17.794534 +0000 UTC  com.burbn.instagram                       IOS       13
34  2025-10-08 18:40:24.268187 +0000 UTC  2025-10-16 13:10:26.563552 +0000 UTC  air.com.rosettastone.mobile.CoursePlayer  Andriod   28
42  2025-10-09 11:26:36.351058 +0000 UTC  2025-10-16 13:01:39.545456 +0000 UTC  com.intuit.turbotax.mobile                Andriod   9
66  2025-10-16 11:50:41.821468 +0000 UTC  2025-10-16 11:50:42.017525 +0000 UTC  com.sia.krispay.iOS.stg                   IOS       1
64  2025-10-14 16:41:53.06067 +0000 UTC   2025-10-14 16:42:02.985323 +0000 UTC  com.starbucks.mystarbucks                 IOS       1
]]></system-out>
  </testcase>
</testsuite>