<?xml version="1.0" encoding="UTF-8"?>
<testsuite xmlns:xsi="http://www.w3.org/2001/XMLSchema-instance" xsi:noNamespaceSchemaLocation="https://maven.apache.org/surefire/maven-surefire-plugin/xsd/surefire-test-report-3.0.xsd" version="3.0" name="com.appknox.tests.upload.UploadTests" time="89.719" tests="5" errors="0" skipped="0" failures="0">
  <properties>
[...]
</properties>
  <testcase name="testValidApkUpload" classname="com.appknox.tests.upload.UploadTests" time="60.046">
    <system-out><![CDATA[UPLOAD-001 Output:
0.0 b / 2.1 MiB [-------------------------| 00:00 ] 0.00 b/s
&amp#27;[1A&amp#27;[J0.0 b / 2.1 MiB [-------------------------| 00:00 ] 0.00 b/s
&amp#27;[1A&amp#27;[J0.0 b / 2.1 MiB [-------------------------| 00:00 ] 0.00 b/s
&amp#27;[1A&amp#27;[J0.0 b / 2.1 MiB [-------------------------| 00:00 ] 0.00 b/s
&amp#27;[1A&amp#27;[J0.0 b / 2.1 MiB [-------------------------| 00:00 ] 0.00 b/s
&amp#27;[1A&amp#27;[J0.0 b / 2.1 MiB [-------------------------| 00:00 ] 0.00 b/s
&amp#27;[1A&amp#27;[J0.0 b / 2.1 MiB [-------------------------| 00:00 ] 0.00 b/s
&amp#27;[1A&amp#27;[J0.0 b / 2.1 MiB [-------------------------| 00:00 ] 0.00 b/s
&amp#27;[1A&amp#27;[J0.0 b / 2.1 MiB [-------------------------| 00:00 ] 0.00 b/s
&amp#27;[1A&amp#27;[J0.0 b / 2.1 MiB [-------------------------| 00:00 ] 0.00 b/s
&amp#27;[1A&amp#27;[J0.0 b / 2.1 MiB [-------------------------| 00:00 ] 0.00 b/s
&amp#27;[1A&amp#27;[J0.0 b / 2.1 MiB [-------------------------| 00:00 ] 0.00 b/s
&amp#27;[1A&amp#27;[J0.0 b / 2.1 MiB [-------------------------| 00:00 ] 0.00 b/s
&amp#27;[1A&amp#27;[J0.0 b / 2.1 MiB [-------------------------| 00:00 ] 0.00 b/s
&amp#27;[1A&amp#27;[J0.0 b / 2.1 MiB [-------------------------| 00:00 ] 0.00 b/s
&amp#27;[1A&amp#27;[J0.0 b / 2.1 MiB [-------------------------| 00:00 ] 0.00 b/s
&amp#27;[1A&amp#27;[J0.0 b / 2.1 MiB [-------------------------| 00:00 ] 0.00 b/s
&amp#27;[1A&amp#27;[J0.0 b / 2.1 MiB [-------------------------| 00:00 ] 0.00 b/s
&amp#27;[1A&amp#27;[J0.0 b / 2.1 MiB [-------------------------| 00:00 ] 0.00 b/s
&amp#27;[1A&amp#27;[J0.0 b / 2.1 MiB [-------------------------| 00:00 ] 0.00 b/s
&amp#27;[1A&amp#27;[J0.0 b / 2.1 MiB [-------------------------| 00:00 ] 0.00 b/s
&amp#27;[1A&amp#27;[J0.0 b / 2.1 MiB [-------------------------| 00:00 ] 0.00 b/s
&amp#27;[1A&amp#27;[J0.0 b / 2.1 MiB [-------------------------| 00:00 ] 0.00 b/s
&amp#27;[1A&amp#27;[J0.0 b / 2.1 MiB [-------------------------| 00:00 ] 0.00 b/s
&amp#27;[1A&amp#27;[J0.0 b / 2.1 MiB [-------------------------| 00:00 ] 0.00 b/s
&amp#27;[1A&amp#27;[J0.0 b / 2.1 MiB [-------------------------| 00:00 ] 0.00 b/s
&amp#27;[1A&amp#27;[J0.0 b / 2.1 MiB [-------------------------| 00:00 ] 0.00 b/s
&amp#27;[1A&amp#27;[J0.0 b / 2.1 MiB [-------------------------| 00:00 ] 0.00 b/s
&amp#27;[1A&amp#27;[J0.0 b / 2.1 MiB [-------------------------| 00:00 ] 0.00 b/s
&amp#27;[1A&amp#27;[J0.0 b / 2.1 MiB [-------------------------| 00:00 ] 0.00 b/s
&amp#27;[1A&amp#27;[J0.0 b / 2.1 MiB [-------------------------| 00:00 ] 0.00 b/s
&amp#27;[1A&amp#27;[J0.0 b / 2.1 MiB [-------------------------| 00:00 ] 0.00 b/s
&amp#27;[1A&amp#27;[J0.0 b / 2.1 MiB [-------------------------| 00:00 ] 0.00 b/s
&amp#27;[1A&amp#27;[J0.0 b / 2.1 MiB [-------------------------| 00:00 ] 0.00 b/s
&amp#27;[1A&amp#27;[J0.0 b / 2.1 MiB [-------------------------| 00:00 ] 0.00 b/s
&amp#27;[1A&amp#27;[J96.0 KiB / 2.1 MiB [>------------------| 00:00 ] 14.79 KiB/s
&amp#27;[1A&amp#27;[J96.0 KiB / 2.1 MiB [>------------------| 00:00 ] 14.41 KiB/s
&amp#27;[1A&amp#27;[J96.0 KiB / 2.1 MiB [>------------------| 00:00 ] 14.02 KiB/s
&amp#27;[1A&amp#27;[J96.0 KiB / 2.1 MiB [>------------------| 00:00 ] 13.65 KiB/s
&amp#27;[1A&amp#27;[J96.0 KiB / 2.1 MiB [>------------------| 00:00 ] 13.33 KiB/s
&amp#27;[1A&amp#27;[J128.0 KiB / 2.1 MiB [>-----------------| 00:00 ] 17.33 KiB/s
&amp#27;[1A&amp#27;[J160.0 KiB / 2.1 MiB [>-----------------| 00:00 ] 21.13 KiB/s
&amp#27;[1A&amp#27;[J160.0 KiB / 2.1 MiB [>-----------------| 00:00 ] 20.67 KiB/s
&amp#27;[1A&amp#27;[J224.0 KiB / 2.1 MiB [=>----------------| 00:00 ] 28.25 KiB/s
&amp#27;[1A&amp#27;[J224.0 KiB / 2.1 MiB [=>----------------| 00:00 ] 27.61 KiB/s
&amp#27;[1A&amp#27;[J256.0 KiB / 2.1 MiB [=>----------------| 00:00 ] 30.91 KiB/s
&amp#27;[1A&amp#27;[J416.0 KiB / 2.1 MiB [===>--------------| 00:44 ] 49.13 KiB/s
&amp#27;[1A&amp#27;[J416.0 KiB / 2.1 MiB [===>--------------| 00:44 ] 48.07 KiB/s
&amp#27;[1A&amp#27;[J448.0 KiB / 2.1 MiB [===>--------------| 00:43 ] 50.78 KiB/s
&amp#27;[1A&amp#27;[J480.0 KiB / 2.1 MiB [===>--------------| 00:42 ] 53.30 KiB/s
&amp#27;[1A&amp#27;[J512.0 KiB / 2.1 MiB [===>--------------| 00:41 ] 55.71 KiB/s
&amp#27;[1A&amp#27;[J512.0 KiB / 2.1 MiB [===>--------------| 00:41 ] 54.69 KiB/s
&amp#27;[1A&amp#27;[J544.0 KiB / 2.1 MiB [====>-------------| 00:40 ] 56.96 KiB/s
&amp#27;[1A&amp#27;[J544.0 KiB / 2.1 MiB [====>-------------| 00:40 ] 55.94 KiB/s
&amp#27;[1A&amp#27;[J576.0 KiB / 2.1 MiB [====>-------------| 00:40 ] 58.12 KiB/s
&amp#27;[1A&amp#27;[J576.0 KiB / 2.1 MiB [====>-------------| 00:40 ] 57.14 KiB/s
&amp#27;[1A&amp#27;[J576.0 KiB / 2.1 MiB [====>-------------| 00:40 ] 56.11 KiB/s
&amp#27;[1A&amp#27;[J576.0 KiB / 2.1 MiB [====>-------------| 00:40 ] 55.11 KiB/s
&amp#27;[1A&amp#27;[J576.0 KiB / 2.1 MiB [====>-------------| 00:40 ] 54.22 KiB/s
&amp#27;[1A&amp#27;[J576.0 KiB / 2.1 MiB [====>-------------| 00:40 ] 53.27 KiB/s
&amp#27;[1A&amp#27;[J576.0 KiB / 2.1 MiB [====>-------------| 00:40 ] 52.44 KiB/s
&amp#27;[1A&amp#27;[J576.0 KiB / 2.1 MiB [====>-------------| 00:40 ] 51.56 KiB/s
&amp#27;[1A&amp#27;[J736.0 KiB / 2.1 MiB [=====>------------| 00:35 ] 64.87 KiB/s
&amp#27;[1A&amp#27;[J768.0 KiB / 2.1 MiB [======>-----------| 00:34 ] 66.61 KiB/s
&amp#27;[1A&amp#27;[J768.0 KiB / 2.1 MiB [======>-----------| 00:34 ] 65.63 KiB/s
&amp#27;[1A&amp#27;[J800.0 KiB / 2.1 MiB [======>-----------| 00:33 ] 67.30 KiB/s
&amp#27;[1A&amp#27;[J832.0 KiB / 2.1 MiB [======>-----------| 00:33 ] 68.92 KiB/s
&amp#27;[1A&amp#27;[J864.0 KiB / 2.1 MiB [======>-----------| 00:32 ] 70.57 KiB/s
&amp#27;[1A&amp#27;[J896.0 KiB / 2.1 MiB [=======>----------| 00:31 ] 72.11 KiB/s
&amp#27;[1A&amp#27;[J896.0 KiB / 2.1 MiB [=======>----------| 00:31 ] 71.09 KiB/s
&amp#27;[1A&amp#27;[J928.0 KiB / 2.1 MiB [=======>----------| 00:30 ] 72.60 KiB/s
&amp#27;[1A&amp#27;[J960.0 KiB / 2.1 MiB [=======>----------| 00:29 ] 74.06 KiB/s
&amp#27;[1A&amp#27;[J960.0 KiB / 2.1 MiB [=======>----------| 00:29 ] 73.02 KiB/s
&amp#27;[1A&amp#27;[J992.0 KiB / 2.1 MiB [=======>----------| 00:28 ] 74.39 KiB/s
&amp#27;[1A&amp#27;[J992.0 KiB / 2.1 MiB [=======>----------| 00:28 ] 73.44 KiB/s
&amp#27;[1A&amp#27;[J1.0 MiB / 2.1 MiB [=========>----------| 00:27 ] 74.77 KiB/s
&amp#27;[1A&amp#27;[J1.0 MiB / 2.1 MiB [=========>----------| 00:27 ] 76.12 KiB/s
&amp#27;[1A&amp#27;[J1.0 MiB / 2.1 MiB [=========>----------| 00:27 ] 75.20 KiB/s
&amp#27;[1A&amp#27;[J1.1 MiB / 2.1 MiB [=========>----------| 00:26 ] 76.45 KiB/s
&amp#27;[1A&amp#27;[J1.1 MiB / 2.1 MiB [=========>----------| 00:26 ] 75.54 KiB/s
&amp#27;[1A&amp#27;[J1.1 MiB / 2.1 MiB [==========>---------| 00:25 ] 76.76 KiB/s
&amp#27;[1A&amp#27;[J1.1 MiB / 2.1 MiB [==========>---------| 00:25 ] 75.86 KiB/s
&amp#27;[1A&amp#27;[J1.1 MiB / 2.1 MiB [==========>---------| 00:24 ] 77.04 KiB/s
&amp#27;[1A&amp#27;[J1.1 MiB / 2.1 MiB [==========>---------| 00:24 ] 76.17 KiB/s
&amp#27;[1A&amp#27;[J1.1 MiB / 2.1 MiB [==========>---------| 00:24 ] 75.24 KiB/s
&amp#27;[1A&amp#27;[J1.1 MiB / 2.1 MiB [==========>---------| 00:24 ] 74.35 KiB/s
&amp#27;[1A&amp#27;[J1.1 MiB / 2.1 MiB [==========>---------| 00:24 ] 73.54 KiB/s
&amp#27;[1A&amp#27;[J1.1 MiB / 2.1 MiB [==========>---------| 00:24 ] 72.68 KiB/s
&amp#27;[1A&amp#27;[J1.1 MiB / 2.1 MiB [==========>---------| 00:24 ] 71.90 KiB/s
&amp#27;[1A&amp#27;[J1.1 MiB / 2.1 MiB [==========>---------| 00:24 ] 71.07 KiB/s
&amp#27;[1A&amp#27;[J1.1 MiB / 2.1 MiB [==========>---------| 00:24 ] 70.27 KiB/s
&amp#27;[1A&amp#27;[J1.1 MiB / 2.1 MiB [==========>---------| 00:24 ] 69.54 KiB/s
&amp#27;[1A&amp#27;[J1.2 MiB / 2.1 MiB [==========>---------| 00:23 ] 70.67 KiB/s
&amp#27;[1A&amp#27;[J1.2 MiB / 2.1 MiB [===========>--------| 00:22 ] 73.75 KiB/s
&amp#27;[1A&amp#27;[J1.3 MiB / 2.1 MiB [============>-------| 00:18 ] 80.42 KiB/s
&amp#27;[1A&amp#27;[J1.4 MiB / 2.1 MiB [============>-------| 00:17 ] 81.42 KiB/s
&amp#27;[1A&amp#27;[J1.4 MiB / 2.1 MiB [=============>------| 00:17 ] 82.45 KiB/s
&amp#27;[1A&amp#27;[J1.4 MiB / 2.1 MiB [=============>------| 00:16 ] 83.40 KiB/s
&amp#27;[1A&amp#27;[J1.5 MiB / 2.1 MiB [=============>------| 00:15 ] 84.39 KiB/s
&amp#27;[1A&amp#27;[J1.5 MiB / 2.1 MiB [==============>-----| 00:14 ] 85.30 KiB/s
&amp#27;[1A&amp#27;[J1.5 MiB / 2.1 MiB [==============>-----| 00:13 ] 86.19 KiB/s
&amp#27;[1A&amp#27;[J1.5 MiB / 2.1 MiB [==============>-----| 00:13 ] 85.39 KiB/s
&amp#27;[1A&amp#27;[J1.6 MiB / 2.1 MiB [==============>-----| 00:12 ] 86.25 KiB/s
&amp#27;[1A&amp#27;[J1.6 MiB / 2.1 MiB [==============>-----| 00:12 ] 87.17 KiB/s
&amp#27;[1A&amp#27;[J1.6 MiB / 2.1 MiB [===============>----| 00:11 ] 88.01 KiB/s
&amp#27;[1A&amp#27;[J1.7 MiB / 2.1 MiB [===============>----| 00:10 ] 88.86 KiB/s
&amp#27;[1A&amp#27;[J1.7 MiB / 2.1 MiB [===============>----| 00:09 ] 89.71 KiB/s
&amp#27;[1A&amp#27;[J1.7 MiB / 2.1 MiB [================>---| 00:08 ] 90.50 KiB/s
&amp#27;[1A&amp#27;[J1.8 MiB / 2.1 MiB [================>---| 00:08 ] 91.28 KiB/s
&amp#27;[1A&amp#27;[J1.8 MiB / 2.1 MiB [================>---| 00:08 ] 90.50 KiB/s
&amp#27;[1A&amp#27;[J1.8 MiB / 2.1 MiB [================>---| 00:07 ] 91.25 KiB/s
&amp#27;[1A&amp#27;[J1.8 MiB / 2.1 MiB [=================>--| 00:06 ] 92.00 KiB/s
&amp#27;[1A&amp#27;[J1.8 MiB / 2.1 MiB [=================>--| 00:05 ] 92.80 KiB/s
&amp#27;[1A&amp#27;[J1.9 MiB / 2.1 MiB [=================>--| 00:04 ] 93.52 KiB/s
&amp#27;[1A&amp#27;[J1.9 MiB / 2.1 MiB [=================>--| 00:04 ] 94.30 KiB/s
&amp#27;[1A&amp#27;[J1.9 MiB / 2.1 MiB [==================>-| 00:03 ] 94.99 KiB/s
&amp#27;[1A&amp#27;[J2.0 MiB / 2.1 MiB [==================>-| 00:01 ] 97.20 KiB/s
&amp#27;[1A&amp#27;[J2.0 MiB / 2.1 MiB [====================| 00:00 ] 97.92 KiB/s
&amp#27;[1A&amp#27;[J2.1 MiB / 2.1 MiB [====================| 00:00 ] 98.57 KiB/s
&amp#27;[1A&amp#27;[J2.1 MiB / 2.1 MiB [====================| 00:00 ] 98.10 KiB/s
&amp#27;[1A&amp#27;[J2.1 MiB / 2.1 MiB [====================| 00:00 ] 98.10 KiB/s
&amp#27;[1A&amp#27;[J2.1 MiB / 2.1 MiB [====================| 00:00 ] 98.10 KiB/s
&amp#27;[1A&amp#27;[J2.1 MiB / 2.1 MiB [====================| 00:00 ] 98.10 KiB/s
&amp#27;[1A&amp#27;[J2.1 MiB / 2.1 MiB [====================| 00:00 ] 98.10 KiB/s
&amp#27;[1A&amp#27;[J2.1 MiB / 2.1 MiB [====================| 00:00 ] 98.10 KiB/s
&amp#27;[1A&amp#27;[J2.1 MiB / 2.1 MiB [====================| 00:00 ] 98.10 KiB/s
&amp#27;[1A&amp#27;[J2.1 MiB / 2.1 MiB [====================| 00:00 ] 98.10 KiB/s
&amp#27;[1A&amp#27;[J2.1 MiB / 2.1 MiB [====================| 00:00 ] 98.10 KiB/s
&amp#27;[1A&amp#27;[J2.1 MiB / 2.1 MiB [====================| 00:00 ] 98.10 KiB/s
&amp#27;[1A&amp#27;[J2.1 MiB / 2.1 MiB [====================| 00:00 ] 98.10 KiB/s
&amp#27;[1A&amp#27;[J2.1 MiB / 2.1 MiB [====================| 00:00 ] 98.10 KiB/s
&amp#27;[1A&amp#27;[J2.1 MiB / 2.1 MiB [====================| 00:00 ] 98.10 KiB/s
&amp#27;[1A&amp#27;[J2.1 MiB / 2.1 MiB [====================| 00:00 ] 98.10 KiB/s
&amp#27;[1A&amp#27;[J2.1 MiB / 2.1 MiB [====================| 00:00 ] 98.10 KiB/s
&amp#27;[1A&amp#27;[J2.1 MiB / 2.1 MiB [====================| 00:00 ] 98.10 KiB/s
&amp#27;[1A&amp#27;[J2.1 MiB / 2.1 MiB [====================| 00:00 ] 98.10 KiB/s
&amp#27;[1A&amp#27;[J2.1 MiB / 2.1 MiB [====================| 00:00 ] 98.10 KiB/s
&amp#27;[1A&amp#27;[J2.1 MiB / 2.1 MiB [====================| 00:00 ] 98.10 KiB/s
&amp#27;[1A&amp#27;[J2.1 MiB / 2.1 MiB [====================| 00:00 ] 98.10 KiB/s
&amp#27;[1A&amp#27;[J2.1 MiB / 2.1 MiB [====================| 00:00 ] 98.10 KiB/s
&amp#27;[1A&amp#27;[J2.1 MiB / 2.1 MiB [====================| 00:00 ] 98.10 KiB/s
&amp#27;[1A&amp#27;[J2.1 MiB / 2.1 MiB [====================| 00:00 ] 98.10 KiB/s
&amp#27;[1A&amp#27;[J2.1 MiB / 2.1 MiB [====================| 00:00 ] 98.10 KiB/s
&amp#27;[1A&amp#27;[J2.1 MiB / 2.1 MiB [====================| 00:00 ] 98.10 KiB/s
&amp#27;[1A&amp#27;[J2.1 MiB / 2.1 MiB [====================| 00:00 ] 98.10 KiB/s
&amp#27;[1A&amp#27;[J2.1 MiB / 2.1 MiB [====================| 00:00 ] 98.10 KiB/s
&amp#27;[1A&amp#27;[J2.1 MiB / 2.1 MiB [====================| 00:00 ] 98.10 KiB/s
&amp#27;[1A&amp#27;[J2.1 MiB / 2.1 MiB [====================| 00:00 ] 98.10 KiB/s
&amp#27;[1A&amp#27;[J2.1 MiB / 2.1 MiB [====================| 00:00 ] 98.10 KiB/s
&amp#27;[1A&amp#27;[J2.1 MiB / 2.1 MiB [====================| 00:00 ] 98.10 KiB/s
&amp#27;[1A&amp#27;[J2.1 MiB / 2.1 MiB [====================| 00:00 ] 98.10 KiB/s
&amp#27;[1A&amp#27;[J2.1 MiB / 2.1 MiB [====================| 00:00 ] 98.10 KiB/s
&amp#27;[1A&amp#27;[J2.1 MiB / 2.1 MiB [====================| 00:00 ] 98.10 KiB/s
&amp#27;[1A&amp#27;[J2.1 MiB / 2.1 MiB [====================| 00:00 ] 98.10 KiB/s
&amp#27;[1A&amp#27;[J2.1 MiB / 2.1 MiB [====================| 00:00 ] 98.10 KiB/s
&amp#27;[1A&amp#27;[J2.1 MiB / 2.1 MiB [====================| 00:00 ] 98.10 KiB/s
&amp#27;[1A&amp#27;[J2.1 MiB / 2.1 MiB [====================| 00:00 ] 98.10 KiB/s
&amp#27;[1A&amp#27;[J2.1 MiB / 2.1 MiB [====================| 00:00 ] 98.10 KiB/s
&amp#27;[1A&amp#27;[J2.1 MiB / 2.1 MiB [====================| 00:00 ] 98.10 KiB/s
&amp#27;[1A&amp#27;[J2.1 MiB / 2.1 MiB [====================| 00:00 ] 98.10 KiB/s
&amp#27;[1A&amp#27;[J2.1 MiB / 2.1 MiB [====================| 00:00 ] 98.10 KiB/s
&amp#27;[1A&amp#27;[J2.1 MiB / 2.1 MiB [====================| 00:00 ] 98.10 KiB/s
&amp#27;[1A&amp#27;[J2.1 MiB / 2.1 MiB [====================| 00:00 ] 98.10 KiB/s
&amp#27;[1A&amp#27;[J2.1 MiB / 2.1 MiB [====================| 00:00 ] 98.10 KiB/s
&amp#27;[1A&amp#27;[J2.1 MiB / 2.1 MiB [====================| 00:00 ] 98.10 KiB/s
&amp#27;[1A&amp#27;[J2.1 MiB / 2.1 MiB [====================| 00:00 ] 98.10 KiB/s
&amp#27;[1A&amp#27;[J2.1 MiB / 2.1 MiB [====================| 00:00 ] 98.10 KiB/s
&amp#27;[1A&amp#27;[J2.1 MiB / 2.1 MiB [====================| 00:00 ] 98.10 KiB/s
&amp#27;[1A&amp#27;[J2.1 MiB / 2.1 MiB [====================| 00:00 ] 98.10 KiB/s
&amp#27;[1A&amp#27;[J2.1 MiB / 2.1 MiB [====================| 00:00 ] 98.10 KiB/s
&amp#27;[1A&amp#27;[J2.1 MiB / 2.1 MiB [====================| 00:00 ] 98.10 KiB/s
&amp#27;[1A&amp#27;[J2.1 MiB / 2.1 MiB [====================| 00:00 ] 98.10 KiB/s
&amp#27;[1A&amp#27;[J2.1 MiB / 2.1 MiB [====================| 00:00 ] 98.10 KiB/s
&amp#27;[1A&amp#27;[J2.1 MiB / 2.1 MiB [====================| 00:00 ] 98.10 KiB/s
&amp#27;[1A&amp#27;[J2.1 MiB / 2.1 MiB [====================| 00:00 ] 98.10 KiB/s
&amp#27;[1A&amp#27;[J2.1 MiB / 2.1 MiB [====================| 00:00 ] 98.10 KiB/s
&amp#27;[1A&amp#27;[J2.1 MiB / 2.1 MiB [====================| 00:00 ] 98.10 KiB/s
&amp#27;[1A&amp#27;[J2.1 MiB / 2.1 MiB [====================| 00:00 ] 98.10 KiB/s
&amp#27;[1A&amp#27;[J2.1 MiB / 2.1 MiB [====================| 00:00 ] 98.10 KiB/s
&amp#27;[1A&amp#27;[J2.1 MiB / 2.1 MiB [====================| 00:00 ] 98.10 KiB/s
&amp#27;[1A&amp#27;[J2.1 MiB / 2.1 MiB [====================| 00:00 ] 98.10 KiB/s
&amp#27;[1A&amp#27;[J2.1 MiB / 2.1 MiB [====================| 00:00 ] 98.10 KiB/s
&amp#27;[1A&amp#27;[J2.1 MiB / 2.1 MiB [====================| 00:00 ] 98.10 KiB/s
&amp#27;[1A&amp#27;[J2.1 MiB / 2.1 MiB [====================| 00:00 ] 98.10 KiB/s
&amp#27;[1A&amp#27;[J2.1 MiB / 2.1 MiB [====================| 00:00 ] 98.10 KiB/s
&amp#27;[1A&amp#27;[J2.1 MiB / 2.1 MiB [====================| 00:00 ] 98.10 KiB/s
&amp#27;[1A&amp#27;[J2.1 MiB / 2.1 MiB [====================| 00:00 ] 98.10 KiB/s
&amp#27;[1A&amp#27;[J2.1 MiB / 2.1 MiB [====================| 00:00 ] 98.10 KiB/s
&amp#27;[1A&amp#27;[J2.1 MiB / 2.1 MiB [====================| 00:00 ] 98.10 KiB/s
&amp#27;[1A&amp#27;[J2.1 MiB / 2.1 MiB [====================| 00:00 ] 98.10 KiB/s
&amp#27;[1A&amp#27;[J2.1 MiB / 2.1 MiB [====================| 00:00 ] 98.10 KiB/s
&amp#27;[1A&amp#27;[J2.1 MiB / 2.1 MiB [====================| 00:00 ] 98.10 KiB/s
&amp#27;[1A&amp#27;[J2.1 MiB / 2.1 MiB [====================| 00:00 ] 98.10 KiB/s
&amp#27;[1A&amp#27;[J2.1 MiB / 2.1 MiB [====================| 00:00 ] 98.10 KiB/s
&amp#27;[1A&amp#27;[J2.1 MiB / 2.1 MiB [====================| 00:00 ] 98.10 KiB/s
&amp#27;[1A&amp#27;[J2.1 MiB / 2.1 MiB [====================| 00:00 ] 98.10 KiB/s
&amp#27;[1A&amp#27;[J2.1 MiB / 2.1 MiB [====================| 00:00 ] 98.10 KiB/s
&amp#27;[1A&amp#27;[J2.1 MiB / 2.1 MiB [====================| 00:00 ] 98.10 KiB/s
&amp#27;[1A&amp#27;[J2.1 MiB / 2.1 MiB [====================| 00:00 ] 98.10 KiB/s
&amp#27;[1A&amp#27;[J2.1 MiB / 2.1 MiB [====================| 00:00 ] 98.10 KiB/s
&amp#27;[1A&amp#27;[J2.1 MiB / 2.1 MiB [====================| 00:00 ] 98.10 KiB/s
&amp#27;[1A&amp#27;[J2.1 MiB / 2.1 MiB [====================| 00:00 ] 98.10 KiB/s
&amp#27;[1A&amp#27;[J2.1 MiB / 2.1 MiB [====================| 00:00 ] 98.10 KiB/s
&amp#27;[1A&amp#27;[J2.1 MiB / 2.1 MiB [====================| 00:00 ] 98.10 KiB/s
&amp#27;[1A&amp#27;[J2.1 MiB / 2.1 MiB [====================| 00:00 ] 98.10 KiB/s
&amp#27;[1A&amp#27;[J2.1 MiB / 2.1 MiB [====================| 00:00 ] 98.10 KiB/s
&amp#27;[1A&amp#27;[J2.1 MiB / 2.1 MiB [====================| 00:00 ] 98.10 KiB/s
&amp#27;[1A&amp#27;[J2.1 MiB / 2.1 MiB [====================| 00:00 ] 98.10 KiB/s
&amp#27;[1A&amp#27;[J2.1 MiB / 2.1 MiB [====================| 00:00 ] 98.10 KiB/s
&amp#27;[1A&amp#27;[J2.1 MiB / 2.1 MiB [====================| 00:00 ] 98.10 KiB/s
&amp#27;[1A&amp#27;[J2.1 MiB / 2.1 MiB [====================| 00:00 ] 98.10 KiB/s
&amp#27;[1A&amp#27;[J2.1 MiB / 2.1 MiB [====================| 00:00 ] 98.10 KiB/s
&amp#27;[1A&amp#27;[J2.1 MiB / 2.1 MiB [====================| 00:00 ] 98.10 KiB/s
&amp#27;[1A&amp#27;[J2.1 MiB / 2.1 MiB [====================| 00:00 ] 98.10 KiB/s
&amp#27;[1A&amp#27;[J2.1 MiB / 2.1 MiB [====================| 00:00 ] 98.10 KiB/s
&amp#27;[1A&amp#27;[J2.1 MiB / 2.1 MiB [====================| 00:00 ] 98.10 KiB/s
&amp#27;[1A&amp#27;[J2.1 MiB / 2.1 MiB [====================| 00:00 ] 98.10 KiB/s
&amp#27;[1A&amp#27;[J2.1 MiB / 2.1 MiB [====================| 00:00 ] 98.10 KiB/s
&amp#27;[1A&amp#27;[J2.1 MiB / 2.1 MiB [====================| 00:00 ] 98.10 KiB/s
&amp#27;[1A&amp#27;[J2.1 MiB / 2.1 MiB [====================| 00:00 ] 98.10 KiB/s
&amp#27;[1A&amp#27;[J2.1 MiB / 2.1 MiB [====================| 00:00 ] 98.10 KiB/s
&amp#27;[1A&amp#27;[J2.1 MiB / 2.1 MiB [====================| 00:00 ] 98.10 KiB/s
&amp#27;[1A&amp#27;[J2.1 MiB / 2.1 MiB [====================| 00:00 ] 98.10 KiB/s
&amp#27;[1A&amp#27;[J2.1 MiB / 2.1 MiB [====================| 00:00 ] 98.10 KiB/s
&amp#27;[1A&amp#27;[J2.1 MiB / 2.1 MiB [====================| 00:00 ] 98.10 KiB/s
&amp#27;[1A&amp#27;[J2.1 MiB / 2.1 MiB [====================| 00:00 ] 98.10 KiB/s
&amp#27;[1A&amp#27;[J2.1 MiB / 2.1 MiB [====================| 00:00 ] 98.10 KiB/s
&amp#27;[1A&amp#27;[J2.1 MiB / 2.1 MiB [====================| 00:00 ] 98.10 KiB/s
&amp#27;[1A&amp#27;[J2.1 MiB / 2.1 MiB [====================| 00:00 ] 98.10 KiB/s
&amp#27;[1A&amp#27;[J2.1 MiB / 2.1 MiB [====================| 00:00 ] 98.10 KiB/s
&amp#27;[1A&amp#27;[J2.1 MiB / 2.1 MiB [====================| 00:00 ] 98.10 KiB/s
&amp#27;[1A&amp#27;[J2.1 MiB / 2.1 MiB [====================| 00:00 ] 98.10 KiB/s
&amp#27;[1A&amp#27;[J2.1 MiB / 2.1 MiB [====================| 00:00 ] 98.10 KiB/s
&amp#27;[1A&amp#27;[J2.1 MiB / 2.1 MiB [====================| 00:00 ] 98.10 KiB/s
&amp#27;[1A&amp#27;[J2.1 MiB / 2.1 MiB [====================| 00:00 ] 98.10 KiB/s
&amp#27;[1A&amp#27;[J2.1 MiB / 2.1 MiB [====================| 00:00 ] 98.10 KiB/s
&amp#27;[1A&amp#27;[J2.1 MiB / 2.1 MiB [====================| 00:00 ] 98.10 KiB/s
&amp#27;[1A&amp#27;[J2.1 MiB / 2.1 MiB [====================| 00:00 ] 98.10 KiB/s
&amp#27;[1A&amp#27;[J2.1 MiB / 2.1 MiB [====================| 00:00 ] 98.10 KiB/s
&amp#27;[1A&amp#27;[J2.1 MiB / 2.1 MiB [====================| 00:00 ] 98.10 KiB/s
&amp#27;[1A&amp#27;[J2.1 MiB / 2.1 MiB [====================| 00:00 ] 98.10 KiB/s
&amp#27;[1A&amp#27;[J2.1 MiB / 2.1 MiB [====================| 00:00 ] 98.10 KiB/s
&amp#27;[1A&amp#27;[J2.1 MiB / 2.1 MiB [====================| 00:00 ] 98.10 KiB/s
&amp#27;[1A&amp#27;[J2.1 MiB / 2.1 MiB [====================| 00:00 ] 98.10 KiB/s
&amp#27;[1A&amp#27;[J2.1 MiB / 2.1 MiB [====================| 00:00 ] 98.10 KiB/s
&amp#27;[1A&amp#27;[J2.1 MiB / 2.1 MiB [====================| 00:00 ] 98.10 KiB/s
&amp#27;[1A&amp#27;[J2.1 MiB / 2.1 MiB [====================| 00:00 ] 98.10 KiB/s
&amp#27;[1A&amp#27;[J2.1 MiB / 2.1 MiB [====================| 00:00 ] 98.10 KiB/s
&amp#27;[1A&amp#27;[J2.1 MiB / 2.1 MiB [====================| 00:00 ] 98.10 KiB/s
&amp#27;[1A&amp#27;[J2.1 MiB / 2.1 MiB [====================| 00:00 ] 98.10 KiB/s
&amp#27;[1A&amp#27;[J2.1 MiB / 2.1 MiB [====================| 00:00 ] 98.10 KiB/s
&amp#27;[1A&amp#27;[J2.1 MiB / 2.1 MiB [====================| 00:00 ] 98.10 KiB/s
&amp#27;[1A&amp#27;[J2.1 MiB / 2.1 MiB [====================| 00:00 ] 98.10 KiB/s
&amp#27;[1A&amp#27;[J2.1 MiB / 2.1 MiB [====================| 00:00 ] 98.10 KiB/s
&amp#27;[1A&amp#27;[J2.1 MiB / 2.1 MiB [====================| 00:00 ] 98.10 KiB/s
&amp#27;[1A&amp#27;[J2.1 MiB / 2.1 MiB [====================| 00:00 ] 98.10 KiB/s
&amp#27;[1A&amp#27;[J2.1 MiB / 2.1 MiB [====================| 00:00 ] 98.10 KiB/s
&amp#27;[1A&amp#27;[J2.1 MiB / 2.1 MiB [====================| 00:00 ] 98.10 KiB/s
&amp#27;[1A&amp#27;[J2.1 MiB / 2.1 MiB [====================| 00:00 ] 98.10 KiB/s
&amp#27;[1A&amp#27;[J2.1 MiB / 2.1 MiB [====================| 00:00 ] 98.10 KiB/s
&amp#27;[1A&amp#27;[J2.1 MiB / 2.1 MiB [====================| 00:00 ] 98.10 KiB/s
&amp#27;[1A&amp#27;[J2.1 MiB / 2.1 MiB [====================| 00:00 ] 98.10 KiB/s
&amp#27;[1A&amp#27;[J2.1 MiB / 2.1 MiB [====================| 00:00 ] 98.10 KiB/s
&amp#27;[1A&amp#27;[J2.1 MiB / 2.1 MiB [====================| 00:00 ] 98.10 KiB/s
&amp#27;[1A&amp#27;[J2.1 MiB / 2.1 MiB [====================| 00:00 ] 98.10 KiB/s
&amp#27;[1A&amp#27;[J2.1 MiB / 2.1 MiB [====================| 00:00 ] 98.10 KiB/s
&amp#27;[1A&amp#27;[J2.1 MiB / 2.1 MiB [====================| 00:00 ] 98.10 KiB/s
&amp#27;[1A&amp#27;[J2.1 MiB / 2.1 MiB [====================| 00:00 ] 98.10 KiB/s
&amp#27;[1A&amp#27;[J2.1 MiB / 2.1 MiB [====================| 00:00 ] 98.10 KiB/s
&amp#27;[1A&amp#27;[J2.1 MiB / 2.1 MiB [====================| 00:00 ] 98.10 KiB/s
&amp#27;[1A&amp#27;[J2.1 MiB / 2.1 MiB [====================| 00:00 ] 98.10 KiB/s
&amp#27;[1A&amp#27;[J2.1 MiB / 2.1 MiB [====================| 00:00 ] 98.10 KiB/s
&amp#27;[1A&amp#27;[J2.1 MiB / 2.1 MiB [====================| 00:00 ] 98.10 KiB/s
&amp#27;[1A&amp#27;[J2.1 MiB / 2.1 MiB [====================| 00:00 ] 98.10 KiB/s
&amp#27;[1A&amp#27;[J2.1 MiB / 2.1 MiB [====================| 00:00 ] 98.10 KiB/s
&amp#27;[1A&amp#27;[J2.1 MiB / 2.1 MiB [====================| 00:00 ] 98.10 KiB/s
&amp#27;[1A&amp#27;[J2.1 MiB / 2.1 MiB [====================| 00:00 ] 98.10 KiB/s
&amp#27;[1A&amp#27;[J2.1 MiB / 2.1 MiB [====================| 00:00 ] 98.10 KiB/s
&amp#27;[1A&amp#27;[J2.1 MiB / 2.1 MiB [====================| 00:00 ] 98.10 KiB/s
&amp#27;[1A&amp#27;[J2.1 MiB / 2.1 MiB [====================| 00:00 ] 98.10 KiB/s
&amp#27;[1A&amp#27;[J2.1 MiB / 2.1 MiB [====================| 00:00 ] 98.10 KiB/s
&amp#27;[1A&amp#27;[J2.1 MiB / 2.1 MiB [====================| 00:00 ] 98.10 KiB/s
&amp#27;[1A&amp#27;[J2.1 MiB / 2.1 MiB [====================| 00:00 ] 98.10 KiB/s
&amp#27;[1A&amp#27;[J2.1 MiB / 2.1 MiB [====================| 00:00 ] 98.10 KiB/s
&amp#27;[1A&amp#27;[J2.1 MiB / 2.1 MiB [====================| 00:00 ] 98.10 KiB/s
&amp#27;[1A&amp#27;[J2.1 MiB / 2.1 MiB [====================| 00:00 ] 98.10 KiB/s
&amp#27;[1A&amp#27;[J2.1 MiB / 2.1 MiB [====================| 00:00 ] 98.10 KiB/s
&amp#27;[1A&amp#27;[J2.1 MiB / 2.1 MiB [====================| 00:00 ] 98.10 KiB/s
&amp#27;[1A&amp#27;[J2.1 MiB / 2.1 MiB [====================| 00:00 ] 98.10 KiB/s
&amp#27;[1A&amp#27;[J2.1 MiB / 2.1 MiB [====================| 00:00 ] 98.10 KiB/s
&amp#27;[1A&amp#27;[J2.1 MiB / 2.1 MiB [====================| 00:00 ] 98.10 KiB/s
&amp#27;[1A&amp#27;[J2.1 MiB / 2.1 MiB [====================| 00:00 ] 98.10 KiB/s
&amp#27;[1A&amp#27;[J2.1 MiB / 2.1 MiB [====================| 00:00 ] 98.10 KiB/s
&amp#27;[1A&amp#27;[J2.1 MiB / 2.1 MiB [====================| 00:00 ] 98.10 KiB/s
&amp#27;[1A&amp#27;[J2.1 MiB / 2.1 MiB [====================| 00:00 ] 98.10 KiB/s
&amp#27;[1A&amp#27;[J2.1 MiB / 2.1 MiB [====================| 00:00 ] 98.10 KiB/s
&amp#27;[1A&amp#27;[J2.1 MiB / 2.1 MiB [====================| 00:00 ] 98.10 KiB/s
&amp#27;[1A&amp#27;[J2.1 MiB / 2.1 MiB [====================| 00:00 ] 98.10 KiB/s
&amp#27;[1A&amp#27;[J2.1 MiB / 2.1 MiB [====================| 00:00 ] 98.10 KiB/s
&amp#27;[1A&amp#27;[J2.1 MiB / 2.1 MiB [====================| 00:00 ] 98.10 KiB/s
&amp#27;[1A&amp#27;[J2.1 MiB / 2.1 MiB [====================| 00:00 ] 98.10 KiB/s
&amp#27;[1A&amp#27;[J2.1 MiB / 2.1 MiB [====================| 00:00 ] 98.10 KiB/s
&amp#27;[1A&amp#27;[J2.1 MiB / 2.1 MiB [====================| 00:00 ] 98.10 KiB/s
&amp#27;[1A&amp#27;[J2.1 MiB / 2.1 MiB [====================| 00:00 ] 98.10 KiB/s
&amp#27;[1A&amp#27;[J2.1 MiB / 2.1 MiB [====================| 00:00 ] 98.10 KiB/s
&amp#27;[1A&amp#27;[J2.1 MiB / 2.1 MiB [====================| 00:00 ] 98.10 KiB/s
&amp#27;[1A&amp#27;[J2.1 MiB / 2.1 MiB [====================| 00:00 ] 98.10 KiB/s
&amp#27;[1A&amp#27;[J2.1 MiB / 2.1 MiB [====================| 00:00 ] 98.10 KiB/s
&amp#27;[1A&amp#27;[J2.1 MiB / 2.1 MiB [====================| 00:00 ] 98.10 KiB/s
&amp#27;[1A&amp#27;[J2.1 MiB / 2.1 MiB [====================| 00:00 ] 98.10 KiB/s
&amp#27;[1A&amp#27;[J2.1 MiB / 2.1 MiB [====================| 00:00 ] 98.10 KiB/s
&amp#27;[1A&amp#27;[J2.1 MiB / 2.1 MiB [====================| 00:00 ] 98.10 KiB/s
&amp#27;[1A&amp#27;[J2.1 MiB / 2.1 MiB [====================| 00:00 ] 98.10 KiB/s
&amp#27;[1A&amp#27;[J2.1 MiB / 2.1 MiB [====================| 00:00 ] 98.10 KiB/s
&amp#27;[1A&amp#27;[J2.1 MiB / 2.1 MiB [====================| 00:00 ] 98.10 KiB/s
&amp#27;[1A&amp#27;[J2.1 MiB / 2.1 MiB [====================| 00:00 ] 98.10 KiB/s
&amp#27;[1A&amp#27;[J2.1 MiB / 2.1 MiB [====================| 00:00 ] 98.10 KiB/s
&amp#27;[1A&amp#27;[J2.1 MiB / 2.1 MiB [====================| 00:00 ] 98.10 KiB/s
&amp#27;[1A&amp#27;[J2.1 MiB / 2.1 MiB [====================| 00:00 ] 98.10 KiB/s
&amp#27;[1A&amp#27;[J2.1 MiB / 2.1 MiB [====================| 00:00 ] 98.10 KiB/s
&amp#27;[1A&amp#27;[J2.1 MiB / 2.1 MiB [====================| 00:00 ] 98.10 KiB/s
&amp#27;[1A&amp#27;[J2.1 MiB / 2.1 MiB [====================| 00:00 ] 98.10 KiB/s
&amp#27;[1A&amp#27;[J2.1 MiB / 2.1 MiB [====================| 00:00 ] 98.10 KiB/s
&amp#27;[1A&amp#27;[J2.1 MiB / 2.1 MiB [====================| 00:00 ] 98.10 KiB/s
&amp#27;[1A&amp#27;[J2.1 MiB / 2.1 MiB [====================| 00:00 ] 98.10 KiB/s
&amp#27;[1A&amp#27;[J2.1 MiB / 2.1 MiB [====================| 00:00 ] 98.10 KiB/s
&amp#27;[1A&amp#27;[J2.1 MiB / 2.1 MiB [====================| 00:00 ] 98.10 KiB/s
&amp#27;[1A&amp#27;[J2.1 MiB / 2.1 MiB [====================| 00:00 ] 98.10 KiB/s
&amp#27;[1A&amp#27;[J2.1 MiB / 2.1 MiB [====================| 00:00 ] 98.10 KiB/s
&amp#27;[1A&amp#27;[J2.1 MiB / 2.1 MiB [====================| 00:00 ] 98.10 KiB/s
&amp#27;[1A&amp#27;[J2.1 MiB / 2.1 MiB [====================| 00:00 ] 98.10 KiB/s
&amp#27;[1A&amp#27;[J2.1 MiB / 2.1 MiB [====================| 00:00 ] 98.10 KiB/s
&amp#27;[1A&amp#27;[J2.1 MiB / 2.1 MiB [====================| 00:00 ] 98.10 KiB/s
&amp#27;[1A&amp#27;[J2.1 MiB / 2.1 MiB [====================| 00:00 ] 98.10 KiB/s
59
Extracted File ID: 59
Saved File ID to config.properties: 59
]]></system-out>
  </testcase>
  <testcase name="testSpecialCharacterFileNameUpload" classname="com.appknox.tests.upload.UploadTests" time="21.073">
    <system-out><![CDATA[UPLOAD-008 Output - File ID: 0.0 b / 2.1 MiB [-------------------------| 00:00 ] 0.00 b/s
&amp#27;[1A&amp#27;[J0.0 b / 2.1 MiB [-------------------------| 00:00 ] 0.00 b/s
&amp#27;[1A&amp#27;[J0.0 b / 2.1 MiB [-------------------------| 00:00 ] 0.00 b/s
&amp#27;[1A&amp#27;[J0.0 b / 2.1 MiB [-------------------------| 00:00 ] 0.00 b/s
&amp#27;[1A&amp#27;[J0.0 b / 2.1 MiB [-------------------------| 00:00 ] 0.00 b/s
&amp#27;[1A&amp#27;[J0.0 b / 2.1 MiB [-------------------------| 00:00 ] 0.00 b/s
&amp#27;[1A&amp#27;[J0.0 b / 2.1 MiB [-------------------------| 00:00 ] 0.00 b/s
&amp#27;[1A&amp#27;[J0.0 b / 2.1 MiB [-------------------------| 00:00 ] 0.00 b/s
&amp#27;[1A&amp#27;[J0.0 b / 2.1 MiB [-------------------------| 00:00 ] 0.00 b/s
&amp#27;[1A&amp#27;[J0.0 b / 2.1 MiB [-------------------------| 00:00 ] 0.00 b/s
&amp#27;[1A&amp#27;[J0.0 b / 2.1 MiB [-------------------------| 00:00 ] 0.00 b/s
&amp#27;[1A&amp#27;[J96.0 KiB / 2.1 MiB [>------------------| 00:00 ] 44.25 KiB/s
&amp#27;[1A&amp#27;[J96.0 KiB / 2.1 MiB [>------------------| 00:00 ] 41.01 KiB/s
&amp#27;[1A&amp#27;[J160.0 KiB / 2.1 MiB [>-----------------| 00:00 ] 63.36 KiB/s
&amp#27;[1A&amp#27;[J160.0 KiB / 2.1 MiB [>-----------------| 00:00 ] 58.95 KiB/s
&amp#27;[1A&amp#27;[J192.0 KiB / 2.1 MiB [=>----------------| 00:00 ] 66.51 KiB/s
&amp#27;[1A&amp#27;[J192.0 KiB / 2.1 MiB [=>----------------| 00:00 ] 62.49 KiB/s
&amp#27;[1A&amp#27;[J224.0 KiB / 2.1 MiB [=>----------------| 00:00 ] 69.13 KiB/s
&amp#27;[1A&amp#27;[J256.0 KiB / 2.1 MiB [=>----------------| 00:00 ] 74.68 KiB/s
&amp#27;[1A&amp#27;[J288.0 KiB / 2.1 MiB [=>----------------| 00:00 ] 79.68 KiB/s
&amp#27;[1A&amp#27;[J320.0 KiB / 2.1 MiB [==>---------------| 00:00 ] 84.55 KiB/s
&amp#27;[1A&amp#27;[J448.0 KiB / 2.1 MiB [===>-------------| 00:19 ] 112.87 KiB/s
&amp#27;[1A&amp#27;[J448.0 KiB / 2.1 MiB [===>-------------| 00:19 ] 108.19 KiB/s
&amp#27;[1A&amp#27;[J480.0 KiB / 2.1 MiB [===>-------------| 00:19 ] 110.96 KiB/s
&amp#27;[1A&amp#27;[J544.0 KiB / 2.1 MiB [===>-------------| 00:18 ] 120.58 KiB/s
&amp#27;[1A&amp#27;[J544.0 KiB / 2.1 MiB [===>-------------| 00:18 ] 116.18 KiB/s
&amp#27;[1A&amp#27;[J576.0 KiB / 2.1 MiB [====>------------| 00:17 ] 118.29 KiB/s
&amp#27;[1A&amp#27;[J608.0 KiB / 2.1 MiB [====>------------| 00:17 ] 120.28 KiB/s
&amp#27;[1A&amp#27;[J640.0 KiB / 2.1 MiB [====>------------| 00:17 ] 122.45 KiB/s
&amp#27;[1A&amp#27;[J672.0 KiB / 2.1 MiB [====>------------| 00:16 ] 124.14 KiB/s
&amp#27;[1A&amp#27;[J704.0 KiB / 2.1 MiB [=====>-----------| 00:16 ] 126.07 KiB/s
&amp#27;[1A&amp#27;[J736.0 KiB / 2.1 MiB [=====>-----------| 00:15 ] 127.54 KiB/s
&amp#27;[1A&amp#27;[J768.0 KiB / 2.1 MiB [=====>-----------| 00:15 ] 128.98 KiB/s
&amp#27;[1A&amp#27;[J800.0 KiB / 2.1 MiB [=====>-----------| 00:15 ] 130.59 KiB/s
&amp#27;[1A&amp#27;[J832.0 KiB / 2.1 MiB [======>----------| 00:14 ] 131.78 KiB/s
&amp#27;[1A&amp#27;[J864.0 KiB / 2.1 MiB [======>----------| 00:14 ] 133.21 KiB/s
&amp#27;[1A&amp#27;[J896.0 KiB / 2.1 MiB [======>----------| 00:14 ] 134.27 KiB/s
&amp#27;[1A&amp#27;[J928.0 KiB / 2.1 MiB [======>----------| 00:13 ] 135.54 KiB/s
&amp#27;[1A&amp#27;[J960.0 KiB / 2.1 MiB [=======>---------| 00:13 ] 136.62 KiB/s
&amp#27;[1A&amp#27;[J992.0 KiB / 2.1 MiB [=======>---------| 00:12 ] 137.69 KiB/s
&amp#27;[1A&amp#27;[J1.0 MiB / 2.1 MiB [========>----------| 00:12 ] 142.91 KiB/s
&amp#27;[1A&amp#27;[J1.0 MiB / 2.1 MiB [========>----------| 00:12 ] 139.43 KiB/s
&amp#27;[1A&amp#27;[J1.1 MiB / 2.1 MiB [=========>---------| 00:11 ] 140.48 KiB/s
&amp#27;[1A&amp#27;[J1.1 MiB / 2.1 MiB [=========>---------| 00:11 ] 141.21 KiB/s
&amp#27;[1A&amp#27;[J1.1 MiB / 2.1 MiB [=========>---------| 00:10 ] 142.17 KiB/s
&amp#27;[1A&amp#27;[J1.2 MiB / 2.1 MiB [==========>--------| 00:10 ] 142.81 KiB/s
&amp#27;[1A&amp#27;[J1.2 MiB / 2.1 MiB [==========>--------| 00:10 ] 143.55 KiB/s
&amp#27;[1A&amp#27;[J1.2 MiB / 2.1 MiB [==========>--------| 00:09 ] 144.34 KiB/s
&amp#27;[1A&amp#27;[J1.2 MiB / 2.1 MiB [==========>--------| 00:09 ] 144.93 KiB/s
&amp#27;[1A&amp#27;[J1.3 MiB / 2.1 MiB [===========>-------| 00:09 ] 145.73 KiB/s
&amp#27;[1A&amp#27;[J1.3 MiB / 2.1 MiB [===========>-------| 00:08 ] 146.23 KiB/s
&amp#27;[1A&amp#27;[J1.3 MiB / 2.1 MiB [===========>-------| 00:08 ] 146.97 KiB/s
&amp#27;[1A&amp#27;[J1.4 MiB / 2.1 MiB [============>------| 00:08 ] 147.50 KiB/s
&amp#27;[1A&amp#27;[J1.4 MiB / 2.1 MiB [============>------| 00:07 ] 147.94 KiB/s
&amp#27;[1A&amp#27;[J1.4 MiB / 2.1 MiB [============>------| 00:07 ] 148.62 KiB/s
&amp#27;[1A&amp#27;[J1.5 MiB / 2.1 MiB [=============>-----| 00:06 ] 148.99 KiB/s
&amp#27;[1A&amp#27;[J1.5 MiB / 2.1 MiB [=============>-----| 00:06 ] 149.63 KiB/s
&amp#27;[1A&amp#27;[J1.5 MiB / 2.1 MiB [=============>-----| 00:06 ] 150.03 KiB/s
&amp#27;[1A&amp#27;[J1.6 MiB / 2.1 MiB [=============>-----| 00:05 ] 150.65 KiB/s
&amp#27;[1A&amp#27;[J1.6 MiB / 2.1 MiB [==============>----| 00:05 ] 150.96 KiB/s
&amp#27;[1A&amp#27;[J1.6 MiB / 2.1 MiB [==============>----| 00:05 ] 151.52 KiB/s
&amp#27;[1A&amp#27;[J1.7 MiB / 2.1 MiB [==============>----| 00:04 ] 151.85 KiB/s
&amp#27;[1A&amp#27;[J1.7 MiB / 2.1 MiB [===============>---| 00:04 ] 152.38 KiB/s
&amp#27;[1A&amp#27;[J1.7 MiB / 2.1 MiB [===============>---| 00:04 ] 149.93 KiB/s
&amp#27;[1A&amp#27;[J1.8 MiB / 2.1 MiB [===============>---| 00:03 ] 152.99 KiB/s
&amp#27;[1A&amp#27;[J1.8 MiB / 2.1 MiB [===============>---| 00:03 ] 153.51 KiB/s
&amp#27;[1A&amp#27;[J1.8 MiB / 2.1 MiB [================>--| 00:02 ] 153.76 KiB/s
&amp#27;[1A&amp#27;[J1.8 MiB / 2.1 MiB [================>--| 00:02 ] 151.61 KiB/s
&amp#27;[1A&amp#27;[J1.9 MiB / 2.1 MiB [================>--| 00:02 ] 154.47 KiB/s
&amp#27;[1A&amp#27;[J1.9 MiB / 2.1 MiB [=================>-| 00:01 ] 154.75 KiB/s
&amp#27;[1A&amp#27;[J1.9 MiB / 2.1 MiB [=================>-| 00:01 ] 155.18 KiB/s
&amp#27;[1A&amp#27;[J2.0 MiB / 2.1 MiB [=================>-| 00:01 ] 155.44 KiB/s
&amp#27;[1A&amp#27;[J2.0 MiB / 2.1 MiB [=================>-| 00:00 ] 155.69 KiB/s
&amp#27;[1A&amp#27;[J2.0 MiB / 2.1 MiB [=================>-| 00:00 ] 153.68 KiB/s
&amp#27;[1A&amp#27;[J2.0 MiB / 2.1 MiB [===================| 00:00 ] 153.91 KiB/s
&amp#27;[1A&amp#27;[J2.1 MiB / 2.1 MiB [===================| 00:00 ] 154.36 KiB/s
&amp#27;[1A&amp#27;[J2.1 MiB / 2.1 MiB [===================| 00:00 ] 154.37 KiB/s
&amp#27;[1A&amp#27;[J2.1 MiB / 2.1 MiB [===================| 00:00 ] 154.37 KiB/s
&amp#27;[1A&amp#27;[J2.1 MiB / 2.1 MiB [===================| 00:00 ] 154.37 KiB/s
&amp#27;[1A&amp#27;[J2.1 MiB / 2.1 MiB [===================| 00:00 ] 154.37 KiB/s
&amp#27;[1A&amp#27;[J2.1 MiB / 2.1 MiB [===================| 00:00 ] 154.37 KiB/s
&amp#27;[1A&amp#27;[J2.1 MiB / 2.1 MiB [===================| 00:00 ] 154.37 KiB/s
&amp#27;[1A&amp#27;[J2.1 MiB / 2.1 MiB [===================| 00:00 ] 154.37 KiB/s
&amp#27;[1A&amp#27;[J2.1 MiB / 2.1 MiB [===================| 00:00 ] 154.37 KiB/s
&amp#27;[1A&amp#27;[J2.1 MiB / 2.1 MiB [===================| 00:00 ] 154.37 KiB/s
&amp#27;[1A&amp#27;[J2.1 MiB / 2.1 MiB [===================| 00:00 ] 154.37 KiB/s
&amp#27;[1A&amp#27;[J2.1 MiB / 2.1 MiB [===================| 00:00 ] 154.37 KiB/s
&amp#27;[1A&amp#27;[J2.1 MiB / 2.1 MiB [===================| 00:00 ] 154.37 KiB/s
&amp#27;[1A&amp#27;[J2.1 MiB / 2.1 MiB [===================| 00:00 ] 154.37 KiB/s
&amp#27;[1A&amp#27;[J2.1 MiB / 2.1 MiB [===================| 00:00 ] 154.37 KiB/s
&amp#27;[1A&amp#27;[J2.1 MiB / 2.1 MiB [===================| 00:00 ] 154.37 KiB/s
&amp#27;[1A&amp#27;[J2.1 MiB / 2.1 MiB [===================| 00:00 ] 154.37 KiB/s
&amp#27;[1A&amp#27;[J2.1 MiB / 2.1 MiB [===================| 00:00 ] 154.37 KiB/s
&amp#27;[1A&amp#27;[J2.1 MiB / 2.1 MiB [===================| 00:00 ] 154.37 KiB/s
&amp#27;[1A&amp#27;[J2.1 MiB / 2.1 MiB [===================| 00:00 ] 154.37 KiB/s
&amp#27;[1A&amp#27;[J2.1 MiB / 2.1 MiB [===================| 00:00 ] 154.37 KiB/s
&amp#27;[1A&amp#27;[J2.1 MiB / 2.1 MiB [===================| 00:00 ] 154.37 KiB/s
&amp#27;[1A&amp#27;[J2.1 MiB / 2.1 MiB [===================| 00:00 ] 154.37 KiB/s
&amp#27;[1A&amp#27;[J2.1 MiB / 2.1 MiB [===================| 00:00 ] 154.37 KiB/s
&amp#27;[1A&amp#27;[J2.1 MiB / 2.1 MiB [===================| 00:00 ] 154.37 KiB/s
&amp#27;[1A&amp#27;[J2.1 MiB / 2.1 MiB [===================| 00:00 ] 154.37 KiB/s
&amp#27;[1A&amp#27;[J2.1 MiB / 2.1 MiB [===================| 00:00 ] 154.37 KiB/s
&amp#27;[1A&amp#27;[J2.1 MiB / 2.1 MiB [===================| 00:00 ] 154.37 KiB/s
&amp#27;[1A&amp#27;[J2.1 MiB / 2.1 MiB [===================| 00:00 ] 154.37 KiB/s
&amp#27;[1A&amp#27;[J2.1 MiB / 2.1 MiB [===================| 00:00 ] 154.37 KiB/s
&amp#27;[1A&amp#27;[J2.1 MiB / 2.1 MiB [===================| 00:00 ] 154.37 KiB/s
&amp#27;[1A&amp#27;[J2.1 MiB / 2.1 MiB [===================| 00:00 ] 154.37 KiB/s
&amp#27;[1A&amp#27;[J2.1 MiB / 2.1 MiB [===================| 00:00 ] 154.37 KiB/s
&amp#27;[1A&amp#27;[J2.1 MiB / 2.1 MiB [===================| 00:00 ] 154.37 KiB/s
&amp#27;[1A&amp#27;[J2.1 MiB / 2.1 MiB [===================| 00:00 ] 154.37 KiB/s
&amp#27;[1A&amp#27;[J2.1 MiB / 2.1 MiB [===================| 00:00 ] 154.37 KiB/s
&amp#27;[1A&amp#27;[J2.1 MiB / 2.1 MiB [===================| 00:00 ] 154.37 KiB/s
&amp#27;[1A&amp#27;[J2.1 MiB / 2.1 MiB [===================| 00:00 ] 154.37 KiB/s
&amp#27;[1A&amp#27;[J2.1 MiB / 2.1 MiB [===================| 00:00 ] 154.37 KiB/s
&amp#27;[1A&amp#27;[J2.1 MiB / 2.1 MiB [===================| 00:00 ] 154.37 KiB/s
&amp#27;[1A&amp#27;[J2.1 MiB / 2.1 MiB [===================| 00:00 ] 154.37 KiB/s
&amp#27;[1A&amp#27;[J2.1 MiB / 2.1 MiB [===================| 00:00 ] 154.37 KiB/s
&amp#27;[1A&amp#27;[J2.1 MiB / 2.1 MiB [===================| 00:00 ] 154.37 KiB/s
60
]]></system-out>
  </testcase>
  <testcase name="testNonExistentFileUpload" classname="com.appknox.tests.upload.UploadTests" time="0.128">
    <system-out><![CDATA[UPLOAD-003 Output: Error: open C:/non-existent-file.apk: The system cannot find the file specified.
Usage:
  appknox upload [flags]

Flags:
  -h, --help   help for upload

Global Flags:
  -a, --access-token string   Appknox Access Token
      --host string           Appknox Server
  -k, --insecure              Disable Security Checks
      --pac string            pac file path or url
      --proxy string          proxy url
      --region string         Region names, e.g., global, saudi, uae. By default, global is used
]]></system-out>
  </testcase>
  <testcase name="testInvalidFileTypeUpload" classname="com.appknox.tests.upload.UploadTests" time="8.267">
    <system-out><![CDATA[UPLOAD-007 Output: 0.0 b / 759.0 b [-------------------------| 00:00 ] 0.00 b/s
&amp#27;[1A&amp#27;[J0.0 b / 759.0 b [-------------------------| 00:00 ] 0.00 b/s
&amp#27;[1A&amp#27;[J0.0 b / 759.0 b [-------------------------| 00:00 ] 0.00 b/s
&amp#27;[1A&amp#27;[J0.0 b / 759.0 b [-------------------------| 00:00 ] 0.00 b/s
&amp#27;[1A&amp#27;[J0.0 b / 759.0 b [-------------------------| 00:00 ] 0.00 b/s
&amp#27;[1A&amp#27;[J0.0 b / 759.0 b [-------------------------| 00:00 ] 0.00 b/s
&amp#27;[1A&amp#27;[J0.0 b / 759.0 b [-------------------------| 00:00 ] 0.00 b/s
&amp#27;[1A&amp#27;[J0.0 b / 759.0 b [-------------------------| 00:00 ] 0.00 b/s
&amp#27;[1A&amp#27;[J0.0 b / 759.0 b [-------------------------| 00:00 ] 0.00 b/s
&amp#27;[1A&amp#27;[J0.0 b / 759.0 b [-------------------------| 00:00 ] 0.00 b/s
&amp#27;[1A&amp#27;[J0.0 b / 759.0 b [-------------------------| 00:00 ] 0.00 b/s
&amp#27;[1A&amp#27;[J0.0 b / 759.0 b [-------------------------| 00:00 ] 0.00 b/s
&amp#27;[1A&amp#27;[J759.0 b / 759.0 b [=====================| 00:00 ] 342.00 b/s
&amp#27;[1A&amp#27;[J759.0 b / 759.0 b [=====================| 00:00 ] 342.00 b/s
&amp#27;[1A&amp#27;[J759.0 b / 759.0 b [=====================| 00:00 ] 342.00 b/s
&amp#27;[1A&amp#27;[J759.0 b / 759.0 b [=====================| 00:00 ] 342.00 b/s
&amp#27;[1A&amp#27;[J759.0 b / 759.0 b [=====================| 00:00 ] 342.00 b/s
&amp#27;[1A&amp#27;[J759.0 b / 759.0 b [=====================| 00:00 ] 342.00 b/s
&amp#27;[1A&amp#27;[J759.0 b / 759.0 b [=====================| 00:00 ] 342.00 b/s
&amp#27;[1A&amp#27;[J759.0 b / 759.0 b [=====================| 00:00 ] 342.00 b/s
&amp#27;[1A&amp#27;[J759.0 b / 759.0 b [=====================| 00:00 ] 342.00 b/s
&amp#27;[1A&amp#27;[J759.0 b / 759.0 b [=====================| 00:00 ] 342.00 b/s
&amp#27;[1A&amp#27;[J759.0 b / 759.0 b [=====================| 00:00 ] 342.00 b/s
&amp#27;[1A&amp#27;[J759.0 b / 759.0 b [=====================| 00:00 ] 342.00 b/s
&amp#27;[1A&amp#27;[J759.0 b / 759.0 b [=====================| 00:00 ] 342.00 b/s
&amp#27;[1A&amp#27;[J759.0 b / 759.0 b [=====================| 00:00 ] 342.00 b/s
&amp#27;[1A&amp#27;[J759.0 b / 759.0 b [=====================| 00:00 ] 342.00 b/s
&amp#27;[1A&amp#27;[J759.0 b / 759.0 b [=====================| 00:00 ] 342.00 b/s
&amp#27;[1A&amp#27;[J759.0 b / 759.0 b [=====================| 00:00 ] 342.00 b/s
&amp#27;[1A&amp#27;[J759.0 b / 759.0 b [=====================| 00:00 ] 342.00 b/s
&amp#27;[1A&amp#27;[J759.0 b / 759.0 b [=====================| 00:00 ] 342.00 b/s
&amp#27;[1A&amp#27;[J759.0 b / 759.0 b [=====================| 00:00 ] 342.00 b/s
&amp#27;[1A&amp#27;[J759.0 b / 759.0 b [=====================| 00:00 ] 342.00 b/s
&amp#27;[1A&amp#27;[J759.0 b / 759.0 b [=====================| 00:00 ] 342.00 b/s
&amp#27;[1A&amp#27;[J759.0 b / 759.0 b [=====================| 00:00 ] 342.00 b/s
&amp#27;[1A&amp#27;[J759.0 b / 759.0 b [=====================| 00:00 ] 342.00 b/s
&amp#27;[1A&amp#27;[J759.0 b / 759.0 b [=====================| 00:00 ] 342.00 b/s
&amp#27;[1A&amp#27;[J759.0 b / 759.0 b [=====================| 00:00 ] 342.00 b/s
&amp#27;[1A&amp#27;[J759.0 b / 759.0 b [=====================| 00:00 ] 342.00 b/s
&amp#27;[1A&amp#27;[J759.0 b / 759.0 b [=====================| 00:00 ] 342.00 b/s
&amp#27;[1A&amp#27;[J759.0 b / 759.0 b [=====================| 00:00 ] 342.00 b/s
&amp#27;[1A&amp#27;[J759.0 b / 759.0 b [=====================| 00:00 ] 342.00 b/s
&amp#27;[1A&amp#27;[J759.0 b / 759.0 b [=====================| 00:00 ] 342.00 b/s
&amp#27;[1A&amp#27;[J759.0 b / 759.0 b [=====================| 00:00 ] 342.00 b/s
&amp#27;[1A&amp#27;[J759.0 b / 759.0 b [=====================| 00:00 ] 342.00 b/s
&amp#27;[1A&amp#27;[J759.0 b / 759.0 b [=====================| 00:00 ] 342.00 b/s
&amp#27;[1A&amp#27;[J759.0 b / 759.0 b [=====================| 00:00 ] 342.00 b/s
&amp#27;[1A&amp#27;[J759.0 b / 759.0 b [=====================| 00:00 ] 342.00 b/s
The app you are trying to scan is not a valid mobile application
]]></system-out>
  </testcase>
  <testcase name="testUploadWithoutFilePath" classname="com.appknox.tests.upload.UploadTests" time="0.182">
    <system-out><![CDATA[UPLOAD-005 Output: Error: file path is required
Usage:
  appknox upload [flags]

Flags:
  -h, --help   help for upload

Global Flags:
  -a, --access-token string   Appknox Access Token
      --host string           Appknox Server
  -k, --insecure              Disable Security Checks
      --pac string            pac file path or url
      --proxy string          proxy url
      --region string         Region names, e.g., global, saudi, uae. By default, global is used
]]></system-out>
  </testcase>
</testsuite>