<?xml version="1.0" encoding="UTF-8"?>
<testsuite xmlns:xsi="http://www.w3.org/2001/XMLSchema-instance" xsi:noNamespaceSchemaLocation="https://maven.apache.org/surefire/maven-surefire-plugin/xsd/surefire-test-report-3.0.xsd" version="3.0" name="com.appknox.tests.analyses.AnalysesTests" time="5.235" tests="7" errors="0" skipped="0" failures="0">
  <properties>
[...]
</properties>
  <testcase name="testOwaspDetailsForInvalidId" classname="com.appknox.tests.analyses.AnalysesTests" time="0.826"/>
  <testcase name="testAnalysesWithoutFileId" classname="com.appknox.tests.analyses.AnalysesTests" time="0.133"/>
  <testcase name="testOwaspDetailsForValidId" classname="com.appknox.tests.analyses.AnalysesTests" time="0.485"/>
  <testcase name="testVulnerabilityDetailsForInvalidId" classname="com.appknox.tests.analyses.AnalysesTests" time="0.605"/>
  <testcase name="testVulnerabilityDetailsForValidId" classname="com.appknox.tests.analyses.AnalysesTests" time="0.511"/>
  <testcase name="testAnalysesListForInvalidFile" classname="com.appknox.tests.analyses.AnalysesTests" time="0.608"/>
  <testcase name="testAnalysesListForValidFile" classname="com.appknox.tests.analyses.AnalysesTests" time="2.04">
    <system-out><![CDATA[for file id 59
]]></system-out>
  </testcase>
</testsuite>